<html>
<head>
<title>TestNG:  LoginTests</title>
<link href="../testng.css" rel="stylesheet" type="text/css" />
<link href="../my-testng.css" rel="stylesheet" type="text/css" />

<style type="text/css">
.log { display: none;} 
.stack-trace { display: none;} 
</style>
<script type="text/javascript">
<!--
function flip(e) {
  current = e.style.display;
  if (current == 'block') {
    e.style.display = 'none';
    return 0;
  }
  else {
    e.style.display = 'block';
    return 1;
  }
}

function toggleBox(szDivId, elem, msg1, msg2)
{
  var res = -1;  if (document.getElementById) {
    res = flip(document.getElementById(szDivId));
  }
  else if (document.all) {
    // this is the way old msie versions work
    res = flip(document.all[szDivId]);
  }
  if(elem) {
    if(res == 0) elem.innerHTML = msg1; else elem.innerHTML = msg2;
  }

}

function toggleAllBoxes() {
  if (document.getElementsByTagName) {
    d = document.getElementsByTagName('div');
    for (i = 0; i < d.length; i++) {
      if (d[i].className == 'log') {
        flip(d[i]);
      }
    }
  }
}

// -->
</script>

</head>
<body>
<h2 align='center'>LoginTests</h2><table border='1' align="center">
<tr>
<td>Tests passed/Failed/Skipped:</td><td>8/12/0</td>
</tr><tr>
<td>Started on:</td><td>Sat Feb 01 11:09:10 IST 2025</td>
</tr>
<tr><td>Total time:</td><td>144 seconds (144879 ms)</td>
</tr><tr>
<td>Included groups:</td><td></td>
</tr><tr>
<td>Excluded groups:</td><td></td>
</tr>
</table><p/>
<small><i>(Hover the method name to see the test class name)</i></small><p/>
<table width='100%' border='1' class='invocation-failed'>
<tr><td colspan='4' align='center'><b>FAILED TESTS</b></td></tr>
<tr><td><b>Test method</b></td>
<td width="30%"><b>Exception</b></td>
<td width="10%"><b>Time (seconds)</b></td>
<td><b>Instance</b></td>
</tr>
<tr>
<td title='testcases.LoginTest.testPasswordResetEmailFormat()'><b>testPasswordResetEmailFormat</b><br>Test class: testcases.LoginTest</td>
<td><div><pre>com.microsoft.playwright.impl.TargetClosedError: Error {
  message=&apos;Target page, context or browser has been closed
  name=&apos;TargetClosedError
  stack=&apos;TargetClosedError:Target page, context or browser has been closed
Error
    at captureRawStack (C:\Users\VICKYS~1\AppData\Local\Temp\playwright-java-11516477288923236727\package\lib\utils\stackTrace.js:50:17)
    at LongStandingScope._race (C:\Users\VICKYS~1\AppData\Local\Temp\playwright-java-11516477288923236727\package\lib\utils\manualPromise.js:91:52)
    at LongStandingScope.race (C:\Users\VICKYS~1\AppData\Local\Temp\playwright-java-11516477288923236727\package\lib\utils\manualPromise.js:84:17)
    at C:\Users\VICKYS~1\AppData\Local\Temp\playwright-java-11516477288923236727\package\lib\utils\manualPromise.js:81:43
    at Array.map (&lt;anonymous&gt;)
    at LongStandingScope.raceMultiple (C:\Users\VICKYS~1\AppData\Local\Temp\playwright-java-11516477288923236727\package\lib\utils\manualPromise.js:81:32)
    at Frame.retryWithProgressAndTimeouts (C:\Users\VICKYS~1\AppData\Local\Temp\playwright-java-11516477288923236727\package\lib\server\frames.js:931:40)
    at async C:\Users\VICKYS~1\AppData\Local\Temp\playwright-java-11516477288923236727\package\lib\server\frames.js:1023:29
    at async ProgressController.run (C:\Users\VICKYS~1\AppData\Local\Temp\playwright-java-11516477288923236727\package\lib\server\progress.js:79:22)
    at async FrameDispatcher.click (C:\Users\VICKYS~1\AppData\Local\Temp\playwright-java-11516477288923236727\package\lib\server\dispatchers\frameDispatcher.js:158:12)
    at async LongStandingScope._race (C:\Users\VICKYS~1\AppData\Local\Temp\playwright-java-11516477288923236727\package\lib\utils\manualPromise.js:96:14)
    at async FrameDispatcher._handleCommand (C:\Users\VICKYS~1\AppData\Local\Temp\playwright-java-11516477288923236727\package\lib\server\dispatchers\dispatcher.js:96:14)
    at async DispatcherConnection.dispatch (C:\Users\VICKYS~1\AppData\Local\Temp\playwright-java-11516477288923236727\package\lib\server\dispatchers\dispatcher.js:361:22)
}
Call log:
-   - waiting for locator(&quot;//a[@class=&apos;text-sm font-medium text-emerald-500 dark:text-emerald-400 hover:underline&apos;]&quot;)

	at com.microsoft.playwright.impl.WaitableResult.get(WaitableResult.java:54)
	at com.microsoft.playwright.impl.ChannelOwner.runUntil(ChannelOwner.java:132)
	at com.microsoft.playwright.impl.Connection.sendMessage(Connection.java:130)
	at com.microsoft.playwright.impl.ChannelOwner.sendMessage(ChannelOwner.java:118)
	at com.microsoft.playwright.impl.FrameImpl.clickImpl(FrameImpl.java:252)
	at com.microsoft.playwright.impl.FrameImpl.lambda$click$8(FrameImpl.java:243)
	at com.microsoft.playwright.impl.LoggingSupport.lambda$withLogging$0(LoggingSupport.java:36)
	at com.microsoft.playwright.impl.LoggingSupport.withLogging(LoggingSupport.java:47)
	at com.microsoft.playwright.impl.ChannelOwner.withLogging(ChannelOwner.java:97)
	at com.microsoft.playwright.impl.LoggingSupport.withLogging(LoggingSupport.java:35)
	at com.microsoft.playwright.impl.FrameImpl.click(FrameImpl.java:243)
	at com.microsoft.playwright.impl.LocatorImpl.click(LocatorImpl.java:175)
	at com.microsoft.playwright.Locator.click(Locator.java:2493)
	at pageobjects.LoginPage.clickForgotPassword(LoginPage.java:74)
	at testcases.LoginTest.testPasswordResetEmailFormat(LoginTest.java:183)
	at java.base/java.util.ArrayList.forEach(ArrayList.java:1597)
Caused by: com.microsoft.playwright.impl.TargetClosedError: Error {
  message=&apos;Target page, context or browser has been closed
  name=&apos;TargetClosedError
  stack=&apos;TargetClosedError:Target page, context or browser has been closed
Error
    at captureRawStack (C:\Users\VICKYS~1\AppData\Local\Temp\playwright-java-11516477288923236727\package\lib\utils\stackTrace.js:50:17)
    at LongStandingScope._race (C:\Users\VICKYS~1\AppData\Local\Temp\playwright-java-11516477288923236727\package\lib\utils\manualPromise.js:91:52)
    at LongStandingScope.race (C:\Users\VICKYS~1\AppData\Local\Temp\playwright-java-11516477288923236727\package\lib\utils\manualPromise.js:84:17)
    at C:\Users\VICKYS~1\AppData\Local\Temp\playwright-java-11516477288923236727\package\lib\utils\manualPromise.js:81:43
    at Array.map (&lt;anonymous&gt;)
    at LongStandingScope.raceMultiple (C:\Users\VICKYS~1\AppData\Local\Temp\playwright-java-11516477288923236727\package\lib\utils\manualPromise.js:81:32)
    at Frame.retryWithProgressAndTimeouts (C:\Users\VICKYS~1\AppData\Local\Temp\playwright-java-11516477288923236727\package\lib\server\frames.js:931:40)
    at async C:\Users\VICKYS~1\AppData\Local\Temp\playwright-java-11516477288923236727\package\lib\server\frames.js:1023:29
    at async ProgressController.run (C:\Users\VICKYS~1\AppData\Local\Temp\playwright-java-11516477288923236727\package\lib\server\progress.js:79:22)
    at async FrameDispatcher.click (C:\Users\VICKYS~1\AppData\Local\Temp\playwright-java-11516477288923236727\package\lib\server\dispatchers\frameDispatcher.js:158:12)
    at async LongStandingScope._race (C:\Users\VICKYS~1\AppData\Local\Temp\playwright-java-11516477288923236727\package\lib\utils\manualPromise.js:96:14)
    at async FrameDispatcher._handleCommand (C:\Users\VICKYS~1\AppData\Local\Temp\playwright-java-11516477288923236727\package\lib\server\dispatchers\dispatcher.js:96:14)
    at async DispatcherConnection.dispatch (C:\Users\VICKYS~1\AppData\Local\Temp\playwright-java-11516477288923236727\package\lib\server\dispatchers\dispatcher.js:361:22)
}
Call log:
-   - waiting for locator(&quot;//a[@class=&apos;text-sm font-medium text-emerald-500 dark:text-emerald-400 hover:underline&apos;]&quot;)

	at com.microsoft.playwright.impl.Connection.dispatch(Connection.java:256)
	at com.microsoft.playwright.impl.Connection.processOneMessage(Connection.java:211)
	at com.microsoft.playwright.impl.ChannelOwner.runUntil(ChannelOwner.java:130)
	... 39 more
... Removed 25 stack frames</pre></div><a href='#' onClick='toggleBox("stack-trace727197178", this, "Click to show all stack frames", "Click to hide stack frames")'>Click to show all stack frames</a>
<div class='stack-trace' id='stack-trace727197178'><pre>com.microsoft.playwright.impl.TargetClosedError: Error {
  message=&apos;Target page, context or browser has been closed
  name=&apos;TargetClosedError
  stack=&apos;TargetClosedError:Target page, context or browser has been closed
Error
    at captureRawStack (C:\Users\VICKYS~1\AppData\Local\Temp\playwright-java-11516477288923236727\package\lib\utils\stackTrace.js:50:17)
    at LongStandingScope._race (C:\Users\VICKYS~1\AppData\Local\Temp\playwright-java-11516477288923236727\package\lib\utils\manualPromise.js:91:52)
    at LongStandingScope.race (C:\Users\VICKYS~1\AppData\Local\Temp\playwright-java-11516477288923236727\package\lib\utils\manualPromise.js:84:17)
    at C:\Users\VICKYS~1\AppData\Local\Temp\playwright-java-11516477288923236727\package\lib\utils\manualPromise.js:81:43
    at Array.map (&lt;anonymous&gt;)
    at LongStandingScope.raceMultiple (C:\Users\VICKYS~1\AppData\Local\Temp\playwright-java-11516477288923236727\package\lib\utils\manualPromise.js:81:32)
    at Frame.retryWithProgressAndTimeouts (C:\Users\VICKYS~1\AppData\Local\Temp\playwright-java-11516477288923236727\package\lib\server\frames.js:931:40)
    at async C:\Users\VICKYS~1\AppData\Local\Temp\playwright-java-11516477288923236727\package\lib\server\frames.js:1023:29
    at async ProgressController.run (C:\Users\VICKYS~1\AppData\Local\Temp\playwright-java-11516477288923236727\package\lib\server\progress.js:79:22)
    at async FrameDispatcher.click (C:\Users\VICKYS~1\AppData\Local\Temp\playwright-java-11516477288923236727\package\lib\server\dispatchers\frameDispatcher.js:158:12)
    at async LongStandingScope._race (C:\Users\VICKYS~1\AppData\Local\Temp\playwright-java-11516477288923236727\package\lib\utils\manualPromise.js:96:14)
    at async FrameDispatcher._handleCommand (C:\Users\VICKYS~1\AppData\Local\Temp\playwright-java-11516477288923236727\package\lib\server\dispatchers\dispatcher.js:96:14)
    at async DispatcherConnection.dispatch (C:\Users\VICKYS~1\AppData\Local\Temp\playwright-java-11516477288923236727\package\lib\server\dispatchers\dispatcher.js:361:22)
}
Call log:
-   - waiting for locator(&quot;//a[@class=&apos;text-sm font-medium text-emerald-500 dark:text-emerald-400 hover:underline&apos;]&quot;)

	at com.microsoft.playwright.impl.WaitableResult.get(WaitableResult.java:54)
	at com.microsoft.playwright.impl.ChannelOwner.runUntil(ChannelOwner.java:132)
	at com.microsoft.playwright.impl.Connection.sendMessage(Connection.java:130)
	at com.microsoft.playwright.impl.ChannelOwner.sendMessage(ChannelOwner.java:118)
	at com.microsoft.playwright.impl.FrameImpl.clickImpl(FrameImpl.java:252)
	at com.microsoft.playwright.impl.FrameImpl.lambda$click$8(FrameImpl.java:243)
	at com.microsoft.playwright.impl.LoggingSupport.lambda$withLogging$0(LoggingSupport.java:36)
	at com.microsoft.playwright.impl.LoggingSupport.withLogging(LoggingSupport.java:47)
	at com.microsoft.playwright.impl.ChannelOwner.withLogging(ChannelOwner.java:97)
	at com.microsoft.playwright.impl.LoggingSupport.withLogging(LoggingSupport.java:35)
	at com.microsoft.playwright.impl.FrameImpl.click(FrameImpl.java:243)
	at com.microsoft.playwright.impl.LocatorImpl.click(LocatorImpl.java:175)
	at com.microsoft.playwright.Locator.click(Locator.java:2493)
	at pageobjects.LoginPage.clickForgotPassword(LoginPage.java:74)
	at testcases.LoginTest.testPasswordResetEmailFormat(LoginTest.java:183)
	at java.base/jdk.internal.reflect.DirectMethodHandleAccessor.invoke(DirectMethodHandleAccessor.java:103)
	at java.base/java.lang.reflect.Method.invoke(Method.java:580)
	at org.testng.internal.MethodInvocationHelper.invokeMethod(MethodInvocationHelper.java:133)
	at org.testng.internal.TestInvoker.invokeMethod(TestInvoker.java:598)
	at org.testng.internal.TestInvoker.invokeTestMethod(TestInvoker.java:173)
	at org.testng.internal.MethodRunner.runInSequence(MethodRunner.java:46)
	at org.testng.internal.TestInvoker$MethodInvocationAgent.invoke(TestInvoker.java:824)
	at org.testng.internal.TestInvoker.invokeTestMethods(TestInvoker.java:146)
	at org.testng.internal.TestMethodWorker.invokeTestMethods(TestMethodWorker.java:146)
	at org.testng.internal.TestMethodWorker.run(TestMethodWorker.java:128)
	at java.base/java.util.ArrayList.forEach(ArrayList.java:1597)
	at org.testng.TestRunner.privateRun(TestRunner.java:794)
	at org.testng.TestRunner.run(TestRunner.java:596)
	at org.testng.SuiteRunner.runTest(SuiteRunner.java:377)
	at org.testng.SuiteRunner.runSequentially(SuiteRunner.java:371)
	at org.testng.SuiteRunner.privateRun(SuiteRunner.java:332)
	at org.testng.SuiteRunner.run(SuiteRunner.java:276)
	at org.testng.SuiteRunnerWorker.runSuite(SuiteRunnerWorker.java:53)
	at org.testng.SuiteRunnerWorker.run(SuiteRunnerWorker.java:96)
	at org.testng.TestNG.runSuitesSequentially(TestNG.java:1212)
	at org.testng.TestNG.runSuitesLocally(TestNG.java:1134)
	at org.testng.TestNG.runSuites(TestNG.java:1063)
	at org.testng.TestNG.run(TestNG.java:1031)
	at org.testng.remote.AbstractRemoteTestNG.run(AbstractRemoteTestNG.java:115)
	at org.testng.remote.RemoteTestNG.initAndRun(RemoteTestNG.java:293)
	at org.testng.remote.RemoteTestNG.main(RemoteTestNG.java:91)
Caused by: com.microsoft.playwright.impl.TargetClosedError: Error {
  message=&apos;Target page, context or browser has been closed
  name=&apos;TargetClosedError
  stack=&apos;TargetClosedError:Target page, context or browser has been closed
Error
    at captureRawStack (C:\Users\VICKYS~1\AppData\Local\Temp\playwright-java-11516477288923236727\package\lib\utils\stackTrace.js:50:17)
    at LongStandingScope._race (C:\Users\VICKYS~1\AppData\Local\Temp\playwright-java-11516477288923236727\package\lib\utils\manualPromise.js:91:52)
    at LongStandingScope.race (C:\Users\VICKYS~1\AppData\Local\Temp\playwright-java-11516477288923236727\package\lib\utils\manualPromise.js:84:17)
    at C:\Users\VICKYS~1\AppData\Local\Temp\playwright-java-11516477288923236727\package\lib\utils\manualPromise.js:81:43
    at Array.map (&lt;anonymous&gt;)
    at LongStandingScope.raceMultiple (C:\Users\VICKYS~1\AppData\Local\Temp\playwright-java-11516477288923236727\package\lib\utils\manualPromise.js:81:32)
    at Frame.retryWithProgressAndTimeouts (C:\Users\VICKYS~1\AppData\Local\Temp\playwright-java-11516477288923236727\package\lib\server\frames.js:931:40)
    at async C:\Users\VICKYS~1\AppData\Local\Temp\playwright-java-11516477288923236727\package\lib\server\frames.js:1023:29
    at async ProgressController.run (C:\Users\VICKYS~1\AppData\Local\Temp\playwright-java-11516477288923236727\package\lib\server\progress.js:79:22)
    at async FrameDispatcher.click (C:\Users\VICKYS~1\AppData\Local\Temp\playwright-java-11516477288923236727\package\lib\server\dispatchers\frameDispatcher.js:158:12)
    at async LongStandingScope._race (C:\Users\VICKYS~1\AppData\Local\Temp\playwright-java-11516477288923236727\package\lib\utils\manualPromise.js:96:14)
    at async FrameDispatcher._handleCommand (C:\Users\VICKYS~1\AppData\Local\Temp\playwright-java-11516477288923236727\package\lib\server\dispatchers\dispatcher.js:96:14)
    at async DispatcherConnection.dispatch (C:\Users\VICKYS~1\AppData\Local\Temp\playwright-java-11516477288923236727\package\lib\server\dispatchers\dispatcher.js:361:22)
}
Call log:
-   - waiting for locator(&quot;//a[@class=&apos;text-sm font-medium text-emerald-500 dark:text-emerald-400 hover:underline&apos;]&quot;)

	at com.microsoft.playwright.impl.Connection.dispatch(Connection.java:256)
	at com.microsoft.playwright.impl.Connection.processOneMessage(Connection.java:211)
	at com.microsoft.playwright.impl.ChannelOwner.runUntil(ChannelOwner.java:130)
	... 39 more
</pre></div></td>
<td>6</td>
<td>testcases.LoginTest@4466af20</td></tr>
<tr>
<td title='testcases.LoginTest.testLoginWithRememberMe()'><b>testLoginWithRememberMe</b><br>Test class: testcases.LoginTest</td>
<td><div><pre>java.lang.AssertionError: Login was unsuccessful or dashboard not visible! expected [true] but found [false]
	at testcases.LoginTest.testLoginWithRememberMe(LoginTest.java:98)
	at java.base/java.util.ArrayList.forEach(ArrayList.java:1597)
... Removed 28 stack frames</pre></div><a href='#' onClick='toggleBox("stack-trace1493042329", this, "Click to show all stack frames", "Click to hide stack frames")'>Click to show all stack frames</a>
<div class='stack-trace' id='stack-trace1493042329'><pre>java.lang.AssertionError: Login was unsuccessful or dashboard not visible! expected [true] but found [false]
	at org.testng.Assert.fail(Assert.java:99)
	at org.testng.Assert.failNotEquals(Assert.java:1037)
	at org.testng.Assert.assertTrue(Assert.java:45)
	at testcases.LoginTest.testLoginWithRememberMe(LoginTest.java:98)
	at java.base/jdk.internal.reflect.DirectMethodHandleAccessor.invoke(DirectMethodHandleAccessor.java:103)
	at java.base/java.lang.reflect.Method.invoke(Method.java:580)
	at org.testng.internal.MethodInvocationHelper.invokeMethod(MethodInvocationHelper.java:133)
	at org.testng.internal.TestInvoker.invokeMethod(TestInvoker.java:598)
	at org.testng.internal.TestInvoker.invokeTestMethod(TestInvoker.java:173)
	at org.testng.internal.MethodRunner.runInSequence(MethodRunner.java:46)
	at org.testng.internal.TestInvoker$MethodInvocationAgent.invoke(TestInvoker.java:824)
	at org.testng.internal.TestInvoker.invokeTestMethods(TestInvoker.java:146)
	at org.testng.internal.TestMethodWorker.invokeTestMethods(TestMethodWorker.java:146)
	at org.testng.internal.TestMethodWorker.run(TestMethodWorker.java:128)
	at java.base/java.util.ArrayList.forEach(ArrayList.java:1597)
	at org.testng.TestRunner.privateRun(TestRunner.java:794)
	at org.testng.TestRunner.run(TestRunner.java:596)
	at org.testng.SuiteRunner.runTest(SuiteRunner.java:377)
	at org.testng.SuiteRunner.runSequentially(SuiteRunner.java:371)
	at org.testng.SuiteRunner.privateRun(SuiteRunner.java:332)
	at org.testng.SuiteRunner.run(SuiteRunner.java:276)
	at org.testng.SuiteRunnerWorker.runSuite(SuiteRunnerWorker.java:53)
	at org.testng.SuiteRunnerWorker.run(SuiteRunnerWorker.java:96)
	at org.testng.TestNG.runSuitesSequentially(TestNG.java:1212)
	at org.testng.TestNG.runSuitesLocally(TestNG.java:1134)
	at org.testng.TestNG.runSuites(TestNG.java:1063)
	at org.testng.TestNG.run(TestNG.java:1031)
	at org.testng.remote.AbstractRemoteTestNG.run(AbstractRemoteTestNG.java:115)
	at org.testng.remote.RemoteTestNG.initAndRun(RemoteTestNG.java:293)
	at org.testng.remote.RemoteTestNG.main(RemoteTestNG.java:91)
</pre></div></td>
<td>0</td>
<td>testcases.LoginTest@4466af20</td></tr>
<tr>
<td title='testcases.LoginTest.testResetPassword()'><b>testResetPassword</b><br>Test class: testcases.LoginTest</td>
<td><div><pre>com.microsoft.playwright.impl.TargetClosedError: Error {
  message=&apos;Target page, context or browser has been closed
  name=&apos;TargetClosedError
  stack=&apos;TargetClosedError:Target page, context or browser has been closed
Error
    at captureRawStack (C:\Users\VICKYS~1\AppData\Local\Temp\playwright-java-11516477288923236727\package\lib\utils\stackTrace.js:50:17)
    at LongStandingScope._race (C:\Users\VICKYS~1\AppData\Local\Temp\playwright-java-11516477288923236727\package\lib\utils\manualPromise.js:91:52)
    at LongStandingScope.race (C:\Users\VICKYS~1\AppData\Local\Temp\playwright-java-11516477288923236727\package\lib\utils\manualPromise.js:84:17)
    at C:\Users\VICKYS~1\AppData\Local\Temp\playwright-java-11516477288923236727\package\lib\utils\manualPromise.js:81:43
    at Array.map (&lt;anonymous&gt;)
    at LongStandingScope.raceMultiple (C:\Users\VICKYS~1\AppData\Local\Temp\playwright-java-11516477288923236727\package\lib\utils\manualPromise.js:81:32)
    at Frame.retryWithProgressAndTimeouts (C:\Users\VICKYS~1\AppData\Local\Temp\playwright-java-11516477288923236727\package\lib\server\frames.js:931:40)
    at async C:\Users\VICKYS~1\AppData\Local\Temp\playwright-java-11516477288923236727\package\lib\server\frames.js:1023:29
    at async ProgressController.run (C:\Users\VICKYS~1\AppData\Local\Temp\playwright-java-11516477288923236727\package\lib\server\progress.js:79:22)
    at async FrameDispatcher.click (C:\Users\VICKYS~1\AppData\Local\Temp\playwright-java-11516477288923236727\package\lib\server\dispatchers\frameDispatcher.js:158:12)
    at async LongStandingScope._race (C:\Users\VICKYS~1\AppData\Local\Temp\playwright-java-11516477288923236727\package\lib\utils\manualPromise.js:96:14)
    at async FrameDispatcher._handleCommand (C:\Users\VICKYS~1\AppData\Local\Temp\playwright-java-11516477288923236727\package\lib\server\dispatchers\dispatcher.js:96:14)
    at async DispatcherConnection.dispatch (C:\Users\VICKYS~1\AppData\Local\Temp\playwright-java-11516477288923236727\package\lib\server\dispatchers\dispatcher.js:361:22)
}
Call log:
-   - waiting for locator(&quot;//a[@class=&apos;text-sm font-medium text-emerald-500 dark:text-emerald-400 hover:underline&apos;]&quot;)

	at com.microsoft.playwright.impl.WaitableResult.get(WaitableResult.java:54)
	at com.microsoft.playwright.impl.ChannelOwner.runUntil(ChannelOwner.java:132)
	at com.microsoft.playwright.impl.Connection.sendMessage(Connection.java:130)
	at com.microsoft.playwright.impl.ChannelOwner.sendMessage(ChannelOwner.java:118)
	at com.microsoft.playwright.impl.FrameImpl.clickImpl(FrameImpl.java:252)
	at com.microsoft.playwright.impl.FrameImpl.lambda$click$8(FrameImpl.java:243)
	at com.microsoft.playwright.impl.LoggingSupport.lambda$withLogging$0(LoggingSupport.java:36)
	at com.microsoft.playwright.impl.LoggingSupport.withLogging(LoggingSupport.java:47)
	at com.microsoft.playwright.impl.ChannelOwner.withLogging(ChannelOwner.java:97)
	at com.microsoft.playwright.impl.LoggingSupport.withLogging(LoggingSupport.java:35)
	at com.microsoft.playwright.impl.FrameImpl.click(FrameImpl.java:243)
	at com.microsoft.playwright.impl.LocatorImpl.click(LocatorImpl.java:175)
	at com.microsoft.playwright.Locator.click(Locator.java:2493)
	at pageobjects.LoginPage.clickForgotPassword(LoginPage.java:74)
	at testcases.LoginTest.testResetPassword(LoginTest.java:192)
	at java.base/java.util.ArrayList.forEach(ArrayList.java:1597)
Caused by: com.microsoft.playwright.impl.TargetClosedError: Error {
  message=&apos;Target page, context or browser has been closed
  name=&apos;TargetClosedError
  stack=&apos;TargetClosedError:Target page, context or browser has been closed
Error
    at captureRawStack (C:\Users\VICKYS~1\AppData\Local\Temp\playwright-java-11516477288923236727\package\lib\utils\stackTrace.js:50:17)
    at LongStandingScope._race (C:\Users\VICKYS~1\AppData\Local\Temp\playwright-java-11516477288923236727\package\lib\utils\manualPromise.js:91:52)
    at LongStandingScope.race (C:\Users\VICKYS~1\AppData\Local\Temp\playwright-java-11516477288923236727\package\lib\utils\manualPromise.js:84:17)
    at C:\Users\VICKYS~1\AppData\Local\Temp\playwright-java-11516477288923236727\package\lib\utils\manualPromise.js:81:43
    at Array.map (&lt;anonymous&gt;)
    at LongStandingScope.raceMultiple (C:\Users\VICKYS~1\AppData\Local\Temp\playwright-java-11516477288923236727\package\lib\utils\manualPromise.js:81:32)
    at Frame.retryWithProgressAndTimeouts (C:\Users\VICKYS~1\AppData\Local\Temp\playwright-java-11516477288923236727\package\lib\server\frames.js:931:40)
    at async C:\Users\VICKYS~1\AppData\Local\Temp\playwright-java-11516477288923236727\package\lib\server\frames.js:1023:29
    at async ProgressController.run (C:\Users\VICKYS~1\AppData\Local\Temp\playwright-java-11516477288923236727\package\lib\server\progress.js:79:22)
    at async FrameDispatcher.click (C:\Users\VICKYS~1\AppData\Local\Temp\playwright-java-11516477288923236727\package\lib\server\dispatchers\frameDispatcher.js:158:12)
    at async LongStandingScope._race (C:\Users\VICKYS~1\AppData\Local\Temp\playwright-java-11516477288923236727\package\lib\utils\manualPromise.js:96:14)
    at async FrameDispatcher._handleCommand (C:\Users\VICKYS~1\AppData\Local\Temp\playwright-java-11516477288923236727\package\lib\server\dispatchers\dispatcher.js:96:14)
    at async DispatcherConnection.dispatch (C:\Users\VICKYS~1\AppData\Local\Temp\playwright-java-11516477288923236727\package\lib\server\dispatchers\dispatcher.js:361:22)
}
Call log:
-   - waiting for locator(&quot;//a[@class=&apos;text-sm font-medium text-emerald-500 dark:text-emerald-400 hover:underline&apos;]&quot;)

	at com.microsoft.playwright.impl.Connection.dispatch(Connection.java:256)
	at com.microsoft.playwright.impl.Connection.processOneMessage(Connection.java:211)
	at com.microsoft.playwright.impl.ChannelOwner.runUntil(ChannelOwner.java:130)
	... 39 more
... Removed 25 stack frames</pre></div><a href='#' onClick='toggleBox("stack-trace16148478", this, "Click to show all stack frames", "Click to hide stack frames")'>Click to show all stack frames</a>
<div class='stack-trace' id='stack-trace16148478'><pre>com.microsoft.playwright.impl.TargetClosedError: Error {
  message=&apos;Target page, context or browser has been closed
  name=&apos;TargetClosedError
  stack=&apos;TargetClosedError:Target page, context or browser has been closed
Error
    at captureRawStack (C:\Users\VICKYS~1\AppData\Local\Temp\playwright-java-11516477288923236727\package\lib\utils\stackTrace.js:50:17)
    at LongStandingScope._race (C:\Users\VICKYS~1\AppData\Local\Temp\playwright-java-11516477288923236727\package\lib\utils\manualPromise.js:91:52)
    at LongStandingScope.race (C:\Users\VICKYS~1\AppData\Local\Temp\playwright-java-11516477288923236727\package\lib\utils\manualPromise.js:84:17)
    at C:\Users\VICKYS~1\AppData\Local\Temp\playwright-java-11516477288923236727\package\lib\utils\manualPromise.js:81:43
    at Array.map (&lt;anonymous&gt;)
    at LongStandingScope.raceMultiple (C:\Users\VICKYS~1\AppData\Local\Temp\playwright-java-11516477288923236727\package\lib\utils\manualPromise.js:81:32)
    at Frame.retryWithProgressAndTimeouts (C:\Users\VICKYS~1\AppData\Local\Temp\playwright-java-11516477288923236727\package\lib\server\frames.js:931:40)
    at async C:\Users\VICKYS~1\AppData\Local\Temp\playwright-java-11516477288923236727\package\lib\server\frames.js:1023:29
    at async ProgressController.run (C:\Users\VICKYS~1\AppData\Local\Temp\playwright-java-11516477288923236727\package\lib\server\progress.js:79:22)
    at async FrameDispatcher.click (C:\Users\VICKYS~1\AppData\Local\Temp\playwright-java-11516477288923236727\package\lib\server\dispatchers\frameDispatcher.js:158:12)
    at async LongStandingScope._race (C:\Users\VICKYS~1\AppData\Local\Temp\playwright-java-11516477288923236727\package\lib\utils\manualPromise.js:96:14)
    at async FrameDispatcher._handleCommand (C:\Users\VICKYS~1\AppData\Local\Temp\playwright-java-11516477288923236727\package\lib\server\dispatchers\dispatcher.js:96:14)
    at async DispatcherConnection.dispatch (C:\Users\VICKYS~1\AppData\Local\Temp\playwright-java-11516477288923236727\package\lib\server\dispatchers\dispatcher.js:361:22)
}
Call log:
-   - waiting for locator(&quot;//a[@class=&apos;text-sm font-medium text-emerald-500 dark:text-emerald-400 hover:underline&apos;]&quot;)

	at com.microsoft.playwright.impl.WaitableResult.get(WaitableResult.java:54)
	at com.microsoft.playwright.impl.ChannelOwner.runUntil(ChannelOwner.java:132)
	at com.microsoft.playwright.impl.Connection.sendMessage(Connection.java:130)
	at com.microsoft.playwright.impl.ChannelOwner.sendMessage(ChannelOwner.java:118)
	at com.microsoft.playwright.impl.FrameImpl.clickImpl(FrameImpl.java:252)
	at com.microsoft.playwright.impl.FrameImpl.lambda$click$8(FrameImpl.java:243)
	at com.microsoft.playwright.impl.LoggingSupport.lambda$withLogging$0(LoggingSupport.java:36)
	at com.microsoft.playwright.impl.LoggingSupport.withLogging(LoggingSupport.java:47)
	at com.microsoft.playwright.impl.ChannelOwner.withLogging(ChannelOwner.java:97)
	at com.microsoft.playwright.impl.LoggingSupport.withLogging(LoggingSupport.java:35)
	at com.microsoft.playwright.impl.FrameImpl.click(FrameImpl.java:243)
	at com.microsoft.playwright.impl.LocatorImpl.click(LocatorImpl.java:175)
	at com.microsoft.playwright.Locator.click(Locator.java:2493)
	at pageobjects.LoginPage.clickForgotPassword(LoginPage.java:74)
	at testcases.LoginTest.testResetPassword(LoginTest.java:192)
	at java.base/jdk.internal.reflect.DirectMethodHandleAccessor.invoke(DirectMethodHandleAccessor.java:103)
	at java.base/java.lang.reflect.Method.invoke(Method.java:580)
	at org.testng.internal.MethodInvocationHelper.invokeMethod(MethodInvocationHelper.java:133)
	at org.testng.internal.TestInvoker.invokeMethod(TestInvoker.java:598)
	at org.testng.internal.TestInvoker.invokeTestMethod(TestInvoker.java:173)
	at org.testng.internal.MethodRunner.runInSequence(MethodRunner.java:46)
	at org.testng.internal.TestInvoker$MethodInvocationAgent.invoke(TestInvoker.java:824)
	at org.testng.internal.TestInvoker.invokeTestMethods(TestInvoker.java:146)
	at org.testng.internal.TestMethodWorker.invokeTestMethods(TestMethodWorker.java:146)
	at org.testng.internal.TestMethodWorker.run(TestMethodWorker.java:128)
	at java.base/java.util.ArrayList.forEach(ArrayList.java:1597)
	at org.testng.TestRunner.privateRun(TestRunner.java:794)
	at org.testng.TestRunner.run(TestRunner.java:596)
	at org.testng.SuiteRunner.runTest(SuiteRunner.java:377)
	at org.testng.SuiteRunner.runSequentially(SuiteRunner.java:371)
	at org.testng.SuiteRunner.privateRun(SuiteRunner.java:332)
	at org.testng.SuiteRunner.run(SuiteRunner.java:276)
	at org.testng.SuiteRunnerWorker.runSuite(SuiteRunnerWorker.java:53)
	at org.testng.SuiteRunnerWorker.run(SuiteRunnerWorker.java:96)
	at org.testng.TestNG.runSuitesSequentially(TestNG.java:1212)
	at org.testng.TestNG.runSuitesLocally(TestNG.java:1134)
	at org.testng.TestNG.runSuites(TestNG.java:1063)
	at org.testng.TestNG.run(TestNG.java:1031)
	at org.testng.remote.AbstractRemoteTestNG.run(AbstractRemoteTestNG.java:115)
	at org.testng.remote.RemoteTestNG.initAndRun(RemoteTestNG.java:293)
	at org.testng.remote.RemoteTestNG.main(RemoteTestNG.java:91)
Caused by: com.microsoft.playwright.impl.TargetClosedError: Error {
  message=&apos;Target page, context or browser has been closed
  name=&apos;TargetClosedError
  stack=&apos;TargetClosedError:Target page, context or browser has been closed
Error
    at captureRawStack (C:\Users\VICKYS~1\AppData\Local\Temp\playwright-java-11516477288923236727\package\lib\utils\stackTrace.js:50:17)
    at LongStandingScope._race (C:\Users\VICKYS~1\AppData\Local\Temp\playwright-java-11516477288923236727\package\lib\utils\manualPromise.js:91:52)
    at LongStandingScope.race (C:\Users\VICKYS~1\AppData\Local\Temp\playwright-java-11516477288923236727\package\lib\utils\manualPromise.js:84:17)
    at C:\Users\VICKYS~1\AppData\Local\Temp\playwright-java-11516477288923236727\package\lib\utils\manualPromise.js:81:43
    at Array.map (&lt;anonymous&gt;)
    at LongStandingScope.raceMultiple (C:\Users\VICKYS~1\AppData\Local\Temp\playwright-java-11516477288923236727\package\lib\utils\manualPromise.js:81:32)
    at Frame.retryWithProgressAndTimeouts (C:\Users\VICKYS~1\AppData\Local\Temp\playwright-java-11516477288923236727\package\lib\server\frames.js:931:40)
    at async C:\Users\VICKYS~1\AppData\Local\Temp\playwright-java-11516477288923236727\package\lib\server\frames.js:1023:29
    at async ProgressController.run (C:\Users\VICKYS~1\AppData\Local\Temp\playwright-java-11516477288923236727\package\lib\server\progress.js:79:22)
    at async FrameDispatcher.click (C:\Users\VICKYS~1\AppData\Local\Temp\playwright-java-11516477288923236727\package\lib\server\dispatchers\frameDispatcher.js:158:12)
    at async LongStandingScope._race (C:\Users\VICKYS~1\AppData\Local\Temp\playwright-java-11516477288923236727\package\lib\utils\manualPromise.js:96:14)
    at async FrameDispatcher._handleCommand (C:\Users\VICKYS~1\AppData\Local\Temp\playwright-java-11516477288923236727\package\lib\server\dispatchers\dispatcher.js:96:14)
    at async DispatcherConnection.dispatch (C:\Users\VICKYS~1\AppData\Local\Temp\playwright-java-11516477288923236727\package\lib\server\dispatchers\dispatcher.js:361:22)
}
Call log:
-   - waiting for locator(&quot;//a[@class=&apos;text-sm font-medium text-emerald-500 dark:text-emerald-400 hover:underline&apos;]&quot;)

	at com.microsoft.playwright.impl.Connection.dispatch(Connection.java:256)
	at com.microsoft.playwright.impl.Connection.processOneMessage(Connection.java:211)
	at com.microsoft.playwright.impl.ChannelOwner.runUntil(ChannelOwner.java:130)
	... 39 more
</pre></div></td>
<td>6</td>
<td>testcases.LoginTest@4466af20</td></tr>
<tr>
<td title='testcases.LoginTest.testPasswordVisibilityToggle()'><b>testPasswordVisibilityToggle</b><br>Test class: testcases.LoginTest</td>
<td><div><pre>java.lang.AssertionError: Password should be visible after clicking the toggle. expected [true] but found [false]
	at testcases.LoginTest.testPasswordVisibilityToggle(LoginTest.java:152)
	at java.base/java.util.ArrayList.forEach(ArrayList.java:1597)
... Removed 28 stack frames</pre></div><a href='#' onClick='toggleBox("stack-trace864221358", this, "Click to show all stack frames", "Click to hide stack frames")'>Click to show all stack frames</a>
<div class='stack-trace' id='stack-trace864221358'><pre>java.lang.AssertionError: Password should be visible after clicking the toggle. expected [true] but found [false]
	at org.testng.Assert.fail(Assert.java:99)
	at org.testng.Assert.failNotEquals(Assert.java:1037)
	at org.testng.Assert.assertTrue(Assert.java:45)
	at testcases.LoginTest.testPasswordVisibilityToggle(LoginTest.java:152)
	at java.base/jdk.internal.reflect.DirectMethodHandleAccessor.invoke(DirectMethodHandleAccessor.java:103)
	at java.base/java.lang.reflect.Method.invoke(Method.java:580)
	at org.testng.internal.MethodInvocationHelper.invokeMethod(MethodInvocationHelper.java:133)
	at org.testng.internal.TestInvoker.invokeMethod(TestInvoker.java:598)
	at org.testng.internal.TestInvoker.invokeTestMethod(TestInvoker.java:173)
	at org.testng.internal.MethodRunner.runInSequence(MethodRunner.java:46)
	at org.testng.internal.TestInvoker$MethodInvocationAgent.invoke(TestInvoker.java:824)
	at org.testng.internal.TestInvoker.invokeTestMethods(TestInvoker.java:146)
	at org.testng.internal.TestMethodWorker.invokeTestMethods(TestMethodWorker.java:146)
	at org.testng.internal.TestMethodWorker.run(TestMethodWorker.java:128)
	at java.base/java.util.ArrayList.forEach(ArrayList.java:1597)
	at org.testng.TestRunner.privateRun(TestRunner.java:794)
	at org.testng.TestRunner.run(TestRunner.java:596)
	at org.testng.SuiteRunner.runTest(SuiteRunner.java:377)
	at org.testng.SuiteRunner.runSequentially(SuiteRunner.java:371)
	at org.testng.SuiteRunner.privateRun(SuiteRunner.java:332)
	at org.testng.SuiteRunner.run(SuiteRunner.java:276)
	at org.testng.SuiteRunnerWorker.runSuite(SuiteRunnerWorker.java:53)
	at org.testng.SuiteRunnerWorker.run(SuiteRunnerWorker.java:96)
	at org.testng.TestNG.runSuitesSequentially(TestNG.java:1212)
	at org.testng.TestNG.runSuitesLocally(TestNG.java:1134)
	at org.testng.TestNG.runSuites(TestNG.java:1063)
	at org.testng.TestNG.run(TestNG.java:1031)
	at org.testng.remote.AbstractRemoteTestNG.run(AbstractRemoteTestNG.java:115)
	at org.testng.remote.RemoteTestNG.initAndRun(RemoteTestNG.java:293)
	at org.testng.remote.RemoteTestNG.main(RemoteTestNG.java:91)
</pre></div></td>
<td>0</td>
<td>testcases.LoginTest@4466af20</td></tr>
<tr>
<td title='testcases.LoginTest.testCaseSensitivity()'><b>testCaseSensitivity</b><br>Test class: testcases.LoginTest</td>
<td><div><pre>java.lang.AssertionError: Login was unsuccessful due to case sensitivity issues. expected [true] but found [false]
	at testcases.LoginTest.testCaseSensitivity(LoginTest.java:126)
	at java.base/java.util.ArrayList.forEach(ArrayList.java:1597)
... Removed 28 stack frames</pre></div><a href='#' onClick='toggleBox("stack-trace482307698", this, "Click to show all stack frames", "Click to hide stack frames")'>Click to show all stack frames</a>
<div class='stack-trace' id='stack-trace482307698'><pre>java.lang.AssertionError: Login was unsuccessful due to case sensitivity issues. expected [true] but found [false]
	at org.testng.Assert.fail(Assert.java:99)
	at org.testng.Assert.failNotEquals(Assert.java:1037)
	at org.testng.Assert.assertTrue(Assert.java:45)
	at testcases.LoginTest.testCaseSensitivity(LoginTest.java:126)
	at java.base/jdk.internal.reflect.DirectMethodHandleAccessor.invoke(DirectMethodHandleAccessor.java:103)
	at java.base/java.lang.reflect.Method.invoke(Method.java:580)
	at org.testng.internal.MethodInvocationHelper.invokeMethod(MethodInvocationHelper.java:133)
	at org.testng.internal.TestInvoker.invokeMethod(TestInvoker.java:598)
	at org.testng.internal.TestInvoker.invokeTestMethod(TestInvoker.java:173)
	at org.testng.internal.MethodRunner.runInSequence(MethodRunner.java:46)
	at org.testng.internal.TestInvoker$MethodInvocationAgent.invoke(TestInvoker.java:824)
	at org.testng.internal.TestInvoker.invokeTestMethods(TestInvoker.java:146)
	at org.testng.internal.TestMethodWorker.invokeTestMethods(TestMethodWorker.java:146)
	at org.testng.internal.TestMethodWorker.run(TestMethodWorker.java:128)
	at java.base/java.util.ArrayList.forEach(ArrayList.java:1597)
	at org.testng.TestRunner.privateRun(TestRunner.java:794)
	at org.testng.TestRunner.run(TestRunner.java:596)
	at org.testng.SuiteRunner.runTest(SuiteRunner.java:377)
	at org.testng.SuiteRunner.runSequentially(SuiteRunner.java:371)
	at org.testng.SuiteRunner.privateRun(SuiteRunner.java:332)
	at org.testng.SuiteRunner.run(SuiteRunner.java:276)
	at org.testng.SuiteRunnerWorker.runSuite(SuiteRunnerWorker.java:53)
	at org.testng.SuiteRunnerWorker.run(SuiteRunnerWorker.java:96)
	at org.testng.TestNG.runSuitesSequentially(TestNG.java:1212)
	at org.testng.TestNG.runSuitesLocally(TestNG.java:1134)
	at org.testng.TestNG.runSuites(TestNG.java:1063)
	at org.testng.TestNG.run(TestNG.java:1031)
	at org.testng.remote.AbstractRemoteTestNG.run(AbstractRemoteTestNG.java:115)
	at org.testng.remote.RemoteTestNG.initAndRun(RemoteTestNG.java:293)
	at org.testng.remote.RemoteTestNG.main(RemoteTestNG.java:91)
</pre></div></td>
<td>0</td>
<td>testcases.LoginTest@4466af20</td></tr>
<tr>
<td title='testcases.LoginTest.testRegistrationWithExistingGoogleAccount()'><b>testRegistrationWithExistingGoogleAccount</b><br>Test class: testcases.LoginTest</td>
<td><div><pre>java.lang.AssertionError: Error message should be displayed for existing Google account. expected [true] but found [false]
	at testcases.LoginTest.testRegistrationWithExistingGoogleAccount(LoginTest.java:221)
	at java.base/java.util.ArrayList.forEach(ArrayList.java:1597)
... Removed 28 stack frames</pre></div><a href='#' onClick='toggleBox("stack-trace365625031", this, "Click to show all stack frames", "Click to hide stack frames")'>Click to show all stack frames</a>
<div class='stack-trace' id='stack-trace365625031'><pre>java.lang.AssertionError: Error message should be displayed for existing Google account. expected [true] but found [false]
	at org.testng.Assert.fail(Assert.java:99)
	at org.testng.Assert.failNotEquals(Assert.java:1037)
	at org.testng.Assert.assertTrue(Assert.java:45)
	at testcases.LoginTest.testRegistrationWithExistingGoogleAccount(LoginTest.java:221)
	at java.base/jdk.internal.reflect.DirectMethodHandleAccessor.invoke(DirectMethodHandleAccessor.java:103)
	at java.base/java.lang.reflect.Method.invoke(Method.java:580)
	at org.testng.internal.MethodInvocationHelper.invokeMethod(MethodInvocationHelper.java:133)
	at org.testng.internal.TestInvoker.invokeMethod(TestInvoker.java:598)
	at org.testng.internal.TestInvoker.invokeTestMethod(TestInvoker.java:173)
	at org.testng.internal.MethodRunner.runInSequence(MethodRunner.java:46)
	at org.testng.internal.TestInvoker$MethodInvocationAgent.invoke(TestInvoker.java:824)
	at org.testng.internal.TestInvoker.invokeTestMethods(TestInvoker.java:146)
	at org.testng.internal.TestMethodWorker.invokeTestMethods(TestMethodWorker.java:146)
	at org.testng.internal.TestMethodWorker.run(TestMethodWorker.java:128)
	at java.base/java.util.ArrayList.forEach(ArrayList.java:1597)
	at org.testng.TestRunner.privateRun(TestRunner.java:794)
	at org.testng.TestRunner.run(TestRunner.java:596)
	at org.testng.SuiteRunner.runTest(SuiteRunner.java:377)
	at org.testng.SuiteRunner.runSequentially(SuiteRunner.java:371)
	at org.testng.SuiteRunner.privateRun(SuiteRunner.java:332)
	at org.testng.SuiteRunner.run(SuiteRunner.java:276)
	at org.testng.SuiteRunnerWorker.runSuite(SuiteRunnerWorker.java:53)
	at org.testng.SuiteRunnerWorker.run(SuiteRunnerWorker.java:96)
	at org.testng.TestNG.runSuitesSequentially(TestNG.java:1212)
	at org.testng.TestNG.runSuitesLocally(TestNG.java:1134)
	at org.testng.TestNG.runSuites(TestNG.java:1063)
	at org.testng.TestNG.run(TestNG.java:1031)
	at org.testng.remote.AbstractRemoteTestNG.run(AbstractRemoteTestNG.java:115)
	at org.testng.remote.RemoteTestNG.initAndRun(RemoteTestNG.java:293)
	at org.testng.remote.RemoteTestNG.main(RemoteTestNG.java:91)
</pre></div></td>
<td>5</td>
<td>testcases.LoginTest@4466af20</td></tr>
<tr>
<td title='testcases.LoginTest.testPasswordResetWithUnregisteredEmail()'><b>testPasswordResetWithUnregisteredEmail</b><br>Test class: testcases.LoginTest</td>
<td><div><pre>com.microsoft.playwright.impl.TargetClosedError: Error {
  message=&apos;Target page, context or browser has been closed
  name=&apos;TargetClosedError
  stack=&apos;TargetClosedError:Target page, context or browser has been closed
Error
    at captureRawStack (C:\Users\VICKYS~1\AppData\Local\Temp\playwright-java-11516477288923236727\package\lib\utils\stackTrace.js:50:17)
    at LongStandingScope._race (C:\Users\VICKYS~1\AppData\Local\Temp\playwright-java-11516477288923236727\package\lib\utils\manualPromise.js:91:52)
    at LongStandingScope.race (C:\Users\VICKYS~1\AppData\Local\Temp\playwright-java-11516477288923236727\package\lib\utils\manualPromise.js:84:17)
    at C:\Users\VICKYS~1\AppData\Local\Temp\playwright-java-11516477288923236727\package\lib\utils\manualPromise.js:81:43
    at Array.map (&lt;anonymous&gt;)
    at LongStandingScope.raceMultiple (C:\Users\VICKYS~1\AppData\Local\Temp\playwright-java-11516477288923236727\package\lib\utils\manualPromise.js:81:32)
    at Frame.retryWithProgressAndTimeouts (C:\Users\VICKYS~1\AppData\Local\Temp\playwright-java-11516477288923236727\package\lib\server\frames.js:931:40)
    at async C:\Users\VICKYS~1\AppData\Local\Temp\playwright-java-11516477288923236727\package\lib\server\frames.js:1023:29
    at async ProgressController.run (C:\Users\VICKYS~1\AppData\Local\Temp\playwright-java-11516477288923236727\package\lib\server\progress.js:79:22)
    at async FrameDispatcher.click (C:\Users\VICKYS~1\AppData\Local\Temp\playwright-java-11516477288923236727\package\lib\server\dispatchers\frameDispatcher.js:158:12)
    at async LongStandingScope._race (C:\Users\VICKYS~1\AppData\Local\Temp\playwright-java-11516477288923236727\package\lib\utils\manualPromise.js:96:14)
    at async FrameDispatcher._handleCommand (C:\Users\VICKYS~1\AppData\Local\Temp\playwright-java-11516477288923236727\package\lib\server\dispatchers\dispatcher.js:96:14)
    at async DispatcherConnection.dispatch (C:\Users\VICKYS~1\AppData\Local\Temp\playwright-java-11516477288923236727\package\lib\server\dispatchers\dispatcher.js:361:22)
}
Call log:
-   - waiting for locator(&quot;//a[@class=&apos;text-sm font-medium text-emerald-500 dark:text-emerald-400 hover:underline&apos;]&quot;)

	at com.microsoft.playwright.impl.WaitableResult.get(WaitableResult.java:54)
	at com.microsoft.playwright.impl.ChannelOwner.runUntil(ChannelOwner.java:132)
	at com.microsoft.playwright.impl.Connection.sendMessage(Connection.java:130)
	at com.microsoft.playwright.impl.ChannelOwner.sendMessage(ChannelOwner.java:118)
	at com.microsoft.playwright.impl.FrameImpl.clickImpl(FrameImpl.java:252)
	at com.microsoft.playwright.impl.FrameImpl.lambda$click$8(FrameImpl.java:243)
	at com.microsoft.playwright.impl.LoggingSupport.lambda$withLogging$0(LoggingSupport.java:36)
	at com.microsoft.playwright.impl.LoggingSupport.withLogging(LoggingSupport.java:47)
	at com.microsoft.playwright.impl.ChannelOwner.withLogging(ChannelOwner.java:97)
	at com.microsoft.playwright.impl.LoggingSupport.withLogging(LoggingSupport.java:35)
	at com.microsoft.playwright.impl.FrameImpl.click(FrameImpl.java:243)
	at com.microsoft.playwright.impl.LocatorImpl.click(LocatorImpl.java:175)
	at com.microsoft.playwright.Locator.click(Locator.java:2493)
	at pageobjects.LoginPage.clickForgotPassword(LoginPage.java:74)
	at testcases.LoginTest.testPasswordResetWithUnregisteredEmail(LoginTest.java:174)
	at java.base/java.util.ArrayList.forEach(ArrayList.java:1597)
Caused by: com.microsoft.playwright.impl.TargetClosedError: Error {
  message=&apos;Target page, context or browser has been closed
  name=&apos;TargetClosedError
  stack=&apos;TargetClosedError:Target page, context or browser has been closed
Error
    at captureRawStack (C:\Users\VICKYS~1\AppData\Local\Temp\playwright-java-11516477288923236727\package\lib\utils\stackTrace.js:50:17)
    at LongStandingScope._race (C:\Users\VICKYS~1\AppData\Local\Temp\playwright-java-11516477288923236727\package\lib\utils\manualPromise.js:91:52)
    at LongStandingScope.race (C:\Users\VICKYS~1\AppData\Local\Temp\playwright-java-11516477288923236727\package\lib\utils\manualPromise.js:84:17)
    at C:\Users\VICKYS~1\AppData\Local\Temp\playwright-java-11516477288923236727\package\lib\utils\manualPromise.js:81:43
    at Array.map (&lt;anonymous&gt;)
    at LongStandingScope.raceMultiple (C:\Users\VICKYS~1\AppData\Local\Temp\playwright-java-11516477288923236727\package\lib\utils\manualPromise.js:81:32)
    at Frame.retryWithProgressAndTimeouts (C:\Users\VICKYS~1\AppData\Local\Temp\playwright-java-11516477288923236727\package\lib\server\frames.js:931:40)
    at async C:\Users\VICKYS~1\AppData\Local\Temp\playwright-java-11516477288923236727\package\lib\server\frames.js:1023:29
    at async ProgressController.run (C:\Users\VICKYS~1\AppData\Local\Temp\playwright-java-11516477288923236727\package\lib\server\progress.js:79:22)
    at async FrameDispatcher.click (C:\Users\VICKYS~1\AppData\Local\Temp\playwright-java-11516477288923236727\package\lib\server\dispatchers\frameDispatcher.js:158:12)
    at async LongStandingScope._race (C:\Users\VICKYS~1\AppData\Local\Temp\playwright-java-11516477288923236727\package\lib\utils\manualPromise.js:96:14)
    at async FrameDispatcher._handleCommand (C:\Users\VICKYS~1\AppData\Local\Temp\playwright-java-11516477288923236727\package\lib\server\dispatchers\dispatcher.js:96:14)
    at async DispatcherConnection.dispatch (C:\Users\VICKYS~1\AppData\Local\Temp\playwright-java-11516477288923236727\package\lib\server\dispatchers\dispatcher.js:361:22)
}
Call log:
-   - waiting for locator(&quot;//a[@class=&apos;text-sm font-medium text-emerald-500 dark:text-emerald-400 hover:underline&apos;]&quot;)

	at com.microsoft.playwright.impl.Connection.dispatch(Connection.java:256)
	at com.microsoft.playwright.impl.Connection.processOneMessage(Connection.java:211)
	at com.microsoft.playwright.impl.ChannelOwner.runUntil(ChannelOwner.java:130)
	... 39 more
... Removed 25 stack frames</pre></div><a href='#' onClick='toggleBox("stack-trace1660223291", this, "Click to show all stack frames", "Click to hide stack frames")'>Click to show all stack frames</a>
<div class='stack-trace' id='stack-trace1660223291'><pre>com.microsoft.playwright.impl.TargetClosedError: Error {
  message=&apos;Target page, context or browser has been closed
  name=&apos;TargetClosedError
  stack=&apos;TargetClosedError:Target page, context or browser has been closed
Error
    at captureRawStack (C:\Users\VICKYS~1\AppData\Local\Temp\playwright-java-11516477288923236727\package\lib\utils\stackTrace.js:50:17)
    at LongStandingScope._race (C:\Users\VICKYS~1\AppData\Local\Temp\playwright-java-11516477288923236727\package\lib\utils\manualPromise.js:91:52)
    at LongStandingScope.race (C:\Users\VICKYS~1\AppData\Local\Temp\playwright-java-11516477288923236727\package\lib\utils\manualPromise.js:84:17)
    at C:\Users\VICKYS~1\AppData\Local\Temp\playwright-java-11516477288923236727\package\lib\utils\manualPromise.js:81:43
    at Array.map (&lt;anonymous&gt;)
    at LongStandingScope.raceMultiple (C:\Users\VICKYS~1\AppData\Local\Temp\playwright-java-11516477288923236727\package\lib\utils\manualPromise.js:81:32)
    at Frame.retryWithProgressAndTimeouts (C:\Users\VICKYS~1\AppData\Local\Temp\playwright-java-11516477288923236727\package\lib\server\frames.js:931:40)
    at async C:\Users\VICKYS~1\AppData\Local\Temp\playwright-java-11516477288923236727\package\lib\server\frames.js:1023:29
    at async ProgressController.run (C:\Users\VICKYS~1\AppData\Local\Temp\playwright-java-11516477288923236727\package\lib\server\progress.js:79:22)
    at async FrameDispatcher.click (C:\Users\VICKYS~1\AppData\Local\Temp\playwright-java-11516477288923236727\package\lib\server\dispatchers\frameDispatcher.js:158:12)
    at async LongStandingScope._race (C:\Users\VICKYS~1\AppData\Local\Temp\playwright-java-11516477288923236727\package\lib\utils\manualPromise.js:96:14)
    at async FrameDispatcher._handleCommand (C:\Users\VICKYS~1\AppData\Local\Temp\playwright-java-11516477288923236727\package\lib\server\dispatchers\dispatcher.js:96:14)
    at async DispatcherConnection.dispatch (C:\Users\VICKYS~1\AppData\Local\Temp\playwright-java-11516477288923236727\package\lib\server\dispatchers\dispatcher.js:361:22)
}
Call log:
-   - waiting for locator(&quot;//a[@class=&apos;text-sm font-medium text-emerald-500 dark:text-emerald-400 hover:underline&apos;]&quot;)

	at com.microsoft.playwright.impl.WaitableResult.get(WaitableResult.java:54)
	at com.microsoft.playwright.impl.ChannelOwner.runUntil(ChannelOwner.java:132)
	at com.microsoft.playwright.impl.Connection.sendMessage(Connection.java:130)
	at com.microsoft.playwright.impl.ChannelOwner.sendMessage(ChannelOwner.java:118)
	at com.microsoft.playwright.impl.FrameImpl.clickImpl(FrameImpl.java:252)
	at com.microsoft.playwright.impl.FrameImpl.lambda$click$8(FrameImpl.java:243)
	at com.microsoft.playwright.impl.LoggingSupport.lambda$withLogging$0(LoggingSupport.java:36)
	at com.microsoft.playwright.impl.LoggingSupport.withLogging(LoggingSupport.java:47)
	at com.microsoft.playwright.impl.ChannelOwner.withLogging(ChannelOwner.java:97)
	at com.microsoft.playwright.impl.LoggingSupport.withLogging(LoggingSupport.java:35)
	at com.microsoft.playwright.impl.FrameImpl.click(FrameImpl.java:243)
	at com.microsoft.playwright.impl.LocatorImpl.click(LocatorImpl.java:175)
	at com.microsoft.playwright.Locator.click(Locator.java:2493)
	at pageobjects.LoginPage.clickForgotPassword(LoginPage.java:74)
	at testcases.LoginTest.testPasswordResetWithUnregisteredEmail(LoginTest.java:174)
	at java.base/jdk.internal.reflect.DirectMethodHandleAccessor.invoke(DirectMethodHandleAccessor.java:103)
	at java.base/java.lang.reflect.Method.invoke(Method.java:580)
	at org.testng.internal.MethodInvocationHelper.invokeMethod(MethodInvocationHelper.java:133)
	at org.testng.internal.TestInvoker.invokeMethod(TestInvoker.java:598)
	at org.testng.internal.TestInvoker.invokeTestMethod(TestInvoker.java:173)
	at org.testng.internal.MethodRunner.runInSequence(MethodRunner.java:46)
	at org.testng.internal.TestInvoker$MethodInvocationAgent.invoke(TestInvoker.java:824)
	at org.testng.internal.TestInvoker.invokeTestMethods(TestInvoker.java:146)
	at org.testng.internal.TestMethodWorker.invokeTestMethods(TestMethodWorker.java:146)
	at org.testng.internal.TestMethodWorker.run(TestMethodWorker.java:128)
	at java.base/java.util.ArrayList.forEach(ArrayList.java:1597)
	at org.testng.TestRunner.privateRun(TestRunner.java:794)
	at org.testng.TestRunner.run(TestRunner.java:596)
	at org.testng.SuiteRunner.runTest(SuiteRunner.java:377)
	at org.testng.SuiteRunner.runSequentially(SuiteRunner.java:371)
	at org.testng.SuiteRunner.privateRun(SuiteRunner.java:332)
	at org.testng.SuiteRunner.run(SuiteRunner.java:276)
	at org.testng.SuiteRunnerWorker.runSuite(SuiteRunnerWorker.java:53)
	at org.testng.SuiteRunnerWorker.run(SuiteRunnerWorker.java:96)
	at org.testng.TestNG.runSuitesSequentially(TestNG.java:1212)
	at org.testng.TestNG.runSuitesLocally(TestNG.java:1134)
	at org.testng.TestNG.runSuites(TestNG.java:1063)
	at org.testng.TestNG.run(TestNG.java:1031)
	at org.testng.remote.AbstractRemoteTestNG.run(AbstractRemoteTestNG.java:115)
	at org.testng.remote.RemoteTestNG.initAndRun(RemoteTestNG.java:293)
	at org.testng.remote.RemoteTestNG.main(RemoteTestNG.java:91)
Caused by: com.microsoft.playwright.impl.TargetClosedError: Error {
  message=&apos;Target page, context or browser has been closed
  name=&apos;TargetClosedError
  stack=&apos;TargetClosedError:Target page, context or browser has been closed
Error
    at captureRawStack (C:\Users\VICKYS~1\AppData\Local\Temp\playwright-java-11516477288923236727\package\lib\utils\stackTrace.js:50:17)
    at LongStandingScope._race (C:\Users\VICKYS~1\AppData\Local\Temp\playwright-java-11516477288923236727\package\lib\utils\manualPromise.js:91:52)
    at LongStandingScope.race (C:\Users\VICKYS~1\AppData\Local\Temp\playwright-java-11516477288923236727\package\lib\utils\manualPromise.js:84:17)
    at C:\Users\VICKYS~1\AppData\Local\Temp\playwright-java-11516477288923236727\package\lib\utils\manualPromise.js:81:43
    at Array.map (&lt;anonymous&gt;)
    at LongStandingScope.raceMultiple (C:\Users\VICKYS~1\AppData\Local\Temp\playwright-java-11516477288923236727\package\lib\utils\manualPromise.js:81:32)
    at Frame.retryWithProgressAndTimeouts (C:\Users\VICKYS~1\AppData\Local\Temp\playwright-java-11516477288923236727\package\lib\server\frames.js:931:40)
    at async C:\Users\VICKYS~1\AppData\Local\Temp\playwright-java-11516477288923236727\package\lib\server\frames.js:1023:29
    at async ProgressController.run (C:\Users\VICKYS~1\AppData\Local\Temp\playwright-java-11516477288923236727\package\lib\server\progress.js:79:22)
    at async FrameDispatcher.click (C:\Users\VICKYS~1\AppData\Local\Temp\playwright-java-11516477288923236727\package\lib\server\dispatchers\frameDispatcher.js:158:12)
    at async LongStandingScope._race (C:\Users\VICKYS~1\AppData\Local\Temp\playwright-java-11516477288923236727\package\lib\utils\manualPromise.js:96:14)
    at async FrameDispatcher._handleCommand (C:\Users\VICKYS~1\AppData\Local\Temp\playwright-java-11516477288923236727\package\lib\server\dispatchers\dispatcher.js:96:14)
    at async DispatcherConnection.dispatch (C:\Users\VICKYS~1\AppData\Local\Temp\playwright-java-11516477288923236727\package\lib\server\dispatchers\dispatcher.js:361:22)
}
Call log:
-   - waiting for locator(&quot;//a[@class=&apos;text-sm font-medium text-emerald-500 dark:text-emerald-400 hover:underline&apos;]&quot;)

	at com.microsoft.playwright.impl.Connection.dispatch(Connection.java:256)
	at com.microsoft.playwright.impl.Connection.processOneMessage(Connection.java:211)
	at com.microsoft.playwright.impl.ChannelOwner.runUntil(ChannelOwner.java:130)
	... 39 more
</pre></div></td>
<td>8</td>
<td>testcases.LoginTest@4466af20</td></tr>
<tr>
<td title='testcases.LoginTest.testValidLogin()'><b>testValidLogin</b><br>Test class: testcases.LoginTest</td>
<td><div><pre>java.lang.AssertionError: Login was unsuccessful or dashboard not visible! expected [true] but found [false]
	at testcases.LoginTest.testValidLogin(LoginTest.java:45)
	at java.base/java.util.ArrayList.forEach(ArrayList.java:1597)
... Removed 28 stack frames</pre></div><a href='#' onClick='toggleBox("stack-trace295180183", this, "Click to show all stack frames", "Click to hide stack frames")'>Click to show all stack frames</a>
<div class='stack-trace' id='stack-trace295180183'><pre>java.lang.AssertionError: Login was unsuccessful or dashboard not visible! expected [true] but found [false]
	at org.testng.Assert.fail(Assert.java:99)
	at org.testng.Assert.failNotEquals(Assert.java:1037)
	at org.testng.Assert.assertTrue(Assert.java:45)
	at testcases.LoginTest.testValidLogin(LoginTest.java:45)
	at java.base/jdk.internal.reflect.DirectMethodHandleAccessor.invoke(DirectMethodHandleAccessor.java:103)
	at java.base/java.lang.reflect.Method.invoke(Method.java:580)
	at org.testng.internal.MethodInvocationHelper.invokeMethod(MethodInvocationHelper.java:133)
	at org.testng.internal.TestInvoker.invokeMethod(TestInvoker.java:598)
	at org.testng.internal.TestInvoker.invokeTestMethod(TestInvoker.java:173)
	at org.testng.internal.MethodRunner.runInSequence(MethodRunner.java:46)
	at org.testng.internal.TestInvoker$MethodInvocationAgent.invoke(TestInvoker.java:824)
	at org.testng.internal.TestInvoker.invokeTestMethods(TestInvoker.java:146)
	at org.testng.internal.TestMethodWorker.invokeTestMethods(TestMethodWorker.java:146)
	at org.testng.internal.TestMethodWorker.run(TestMethodWorker.java:128)
	at java.base/java.util.ArrayList.forEach(ArrayList.java:1597)
	at org.testng.TestRunner.privateRun(TestRunner.java:794)
	at org.testng.TestRunner.run(TestRunner.java:596)
	at org.testng.SuiteRunner.runTest(SuiteRunner.java:377)
	at org.testng.SuiteRunner.runSequentially(SuiteRunner.java:371)
	at org.testng.SuiteRunner.privateRun(SuiteRunner.java:332)
	at org.testng.SuiteRunner.run(SuiteRunner.java:276)
	at org.testng.SuiteRunnerWorker.runSuite(SuiteRunnerWorker.java:53)
	at org.testng.SuiteRunnerWorker.run(SuiteRunnerWorker.java:96)
	at org.testng.TestNG.runSuitesSequentially(TestNG.java:1212)
	at org.testng.TestNG.runSuitesLocally(TestNG.java:1134)
	at org.testng.TestNG.runSuites(TestNG.java:1063)
	at org.testng.TestNG.run(TestNG.java:1031)
	at org.testng.remote.AbstractRemoteTestNG.run(AbstractRemoteTestNG.java:115)
	at org.testng.remote.RemoteTestNG.initAndRun(RemoteTestNG.java:293)
	at org.testng.remote.RemoteTestNG.main(RemoteTestNG.java:91)
</pre></div></td>
<td>0</td>
<td>testcases.LoginTest@4466af20</td></tr>
<tr>
<td title='testcases.LoginTest.testPasswordResetWithRegisteredEmail()'><b>testPasswordResetWithRegisteredEmail</b><br>Test class: testcases.LoginTest</td>
<td><div><pre>com.microsoft.playwright.impl.TargetClosedError: Error {
  message=&apos;Target page, context or browser has been closed
  name=&apos;TargetClosedError
  stack=&apos;TargetClosedError:Target page, context or browser has been closed
Error
    at captureRawStack (C:\Users\VICKYS~1\AppData\Local\Temp\playwright-java-11516477288923236727\package\lib\utils\stackTrace.js:50:17)
    at LongStandingScope._race (C:\Users\VICKYS~1\AppData\Local\Temp\playwright-java-11516477288923236727\package\lib\utils\manualPromise.js:91:52)
    at LongStandingScope.race (C:\Users\VICKYS~1\AppData\Local\Temp\playwright-java-11516477288923236727\package\lib\utils\manualPromise.js:84:17)
    at C:\Users\VICKYS~1\AppData\Local\Temp\playwright-java-11516477288923236727\package\lib\utils\manualPromise.js:81:43
    at Array.map (&lt;anonymous&gt;)
    at LongStandingScope.raceMultiple (C:\Users\VICKYS~1\AppData\Local\Temp\playwright-java-11516477288923236727\package\lib\utils\manualPromise.js:81:32)
    at Frame.retryWithProgressAndTimeouts (C:\Users\VICKYS~1\AppData\Local\Temp\playwright-java-11516477288923236727\package\lib\server\frames.js:931:40)
    at async C:\Users\VICKYS~1\AppData\Local\Temp\playwright-java-11516477288923236727\package\lib\server\frames.js:1023:29
    at async ProgressController.run (C:\Users\VICKYS~1\AppData\Local\Temp\playwright-java-11516477288923236727\package\lib\server\progress.js:79:22)
    at async FrameDispatcher.click (C:\Users\VICKYS~1\AppData\Local\Temp\playwright-java-11516477288923236727\package\lib\server\dispatchers\frameDispatcher.js:158:12)
    at async LongStandingScope._race (C:\Users\VICKYS~1\AppData\Local\Temp\playwright-java-11516477288923236727\package\lib\utils\manualPromise.js:96:14)
    at async FrameDispatcher._handleCommand (C:\Users\VICKYS~1\AppData\Local\Temp\playwright-java-11516477288923236727\package\lib\server\dispatchers\dispatcher.js:96:14)
    at async DispatcherConnection.dispatch (C:\Users\VICKYS~1\AppData\Local\Temp\playwright-java-11516477288923236727\package\lib\server\dispatchers\dispatcher.js:361:22)
}
Call log:
-   - waiting for locator(&quot;//a[@class=&apos;text-sm font-medium text-emerald-500 dark:text-emerald-400 hover:underline&apos;]&quot;)

	at com.microsoft.playwright.impl.WaitableResult.get(WaitableResult.java:54)
	at com.microsoft.playwright.impl.ChannelOwner.runUntil(ChannelOwner.java:132)
	at com.microsoft.playwright.impl.Connection.sendMessage(Connection.java:130)
	at com.microsoft.playwright.impl.ChannelOwner.sendMessage(ChannelOwner.java:118)
	at com.microsoft.playwright.impl.FrameImpl.clickImpl(FrameImpl.java:252)
	at com.microsoft.playwright.impl.FrameImpl.lambda$click$8(FrameImpl.java:243)
	at com.microsoft.playwright.impl.LoggingSupport.lambda$withLogging$0(LoggingSupport.java:36)
	at com.microsoft.playwright.impl.LoggingSupport.withLogging(LoggingSupport.java:47)
	at com.microsoft.playwright.impl.ChannelOwner.withLogging(ChannelOwner.java:97)
	at com.microsoft.playwright.impl.LoggingSupport.withLogging(LoggingSupport.java:35)
	at com.microsoft.playwright.impl.FrameImpl.click(FrameImpl.java:243)
	at com.microsoft.playwright.impl.LocatorImpl.click(LocatorImpl.java:175)
	at com.microsoft.playwright.Locator.click(Locator.java:2493)
	at pageobjects.LoginPage.clickForgotPassword(LoginPage.java:74)
	at testcases.LoginTest.testPasswordResetWithRegisteredEmail(LoginTest.java:165)
	at java.base/java.util.ArrayList.forEach(ArrayList.java:1597)
Caused by: com.microsoft.playwright.impl.TargetClosedError: Error {
  message=&apos;Target page, context or browser has been closed
  name=&apos;TargetClosedError
  stack=&apos;TargetClosedError:Target page, context or browser has been closed
Error
    at captureRawStack (C:\Users\VICKYS~1\AppData\Local\Temp\playwright-java-11516477288923236727\package\lib\utils\stackTrace.js:50:17)
    at LongStandingScope._race (C:\Users\VICKYS~1\AppData\Local\Temp\playwright-java-11516477288923236727\package\lib\utils\manualPromise.js:91:52)
    at LongStandingScope.race (C:\Users\VICKYS~1\AppData\Local\Temp\playwright-java-11516477288923236727\package\lib\utils\manualPromise.js:84:17)
    at C:\Users\VICKYS~1\AppData\Local\Temp\playwright-java-11516477288923236727\package\lib\utils\manualPromise.js:81:43
    at Array.map (&lt;anonymous&gt;)
    at LongStandingScope.raceMultiple (C:\Users\VICKYS~1\AppData\Local\Temp\playwright-java-11516477288923236727\package\lib\utils\manualPromise.js:81:32)
    at Frame.retryWithProgressAndTimeouts (C:\Users\VICKYS~1\AppData\Local\Temp\playwright-java-11516477288923236727\package\lib\server\frames.js:931:40)
    at async C:\Users\VICKYS~1\AppData\Local\Temp\playwright-java-11516477288923236727\package\lib\server\frames.js:1023:29
    at async ProgressController.run (C:\Users\VICKYS~1\AppData\Local\Temp\playwright-java-11516477288923236727\package\lib\server\progress.js:79:22)
    at async FrameDispatcher.click (C:\Users\VICKYS~1\AppData\Local\Temp\playwright-java-11516477288923236727\package\lib\server\dispatchers\frameDispatcher.js:158:12)
    at async LongStandingScope._race (C:\Users\VICKYS~1\AppData\Local\Temp\playwright-java-11516477288923236727\package\lib\utils\manualPromise.js:96:14)
    at async FrameDispatcher._handleCommand (C:\Users\VICKYS~1\AppData\Local\Temp\playwright-java-11516477288923236727\package\lib\server\dispatchers\dispatcher.js:96:14)
    at async DispatcherConnection.dispatch (C:\Users\VICKYS~1\AppData\Local\Temp\playwright-java-11516477288923236727\package\lib\server\dispatchers\dispatcher.js:361:22)
}
Call log:
-   - waiting for locator(&quot;//a[@class=&apos;text-sm font-medium text-emerald-500 dark:text-emerald-400 hover:underline&apos;]&quot;)

	at com.microsoft.playwright.impl.Connection.dispatch(Connection.java:256)
	at com.microsoft.playwright.impl.Connection.processOneMessage(Connection.java:211)
	at com.microsoft.playwright.impl.ChannelOwner.runUntil(ChannelOwner.java:130)
	... 39 more
... Removed 25 stack frames</pre></div><a href='#' onClick='toggleBox("stack-trace1448805967", this, "Click to show all stack frames", "Click to hide stack frames")'>Click to show all stack frames</a>
<div class='stack-trace' id='stack-trace1448805967'><pre>com.microsoft.playwright.impl.TargetClosedError: Error {
  message=&apos;Target page, context or browser has been closed
  name=&apos;TargetClosedError
  stack=&apos;TargetClosedError:Target page, context or browser has been closed
Error
    at captureRawStack (C:\Users\VICKYS~1\AppData\Local\Temp\playwright-java-11516477288923236727\package\lib\utils\stackTrace.js:50:17)
    at LongStandingScope._race (C:\Users\VICKYS~1\AppData\Local\Temp\playwright-java-11516477288923236727\package\lib\utils\manualPromise.js:91:52)
    at LongStandingScope.race (C:\Users\VICKYS~1\AppData\Local\Temp\playwright-java-11516477288923236727\package\lib\utils\manualPromise.js:84:17)
    at C:\Users\VICKYS~1\AppData\Local\Temp\playwright-java-11516477288923236727\package\lib\utils\manualPromise.js:81:43
    at Array.map (&lt;anonymous&gt;)
    at LongStandingScope.raceMultiple (C:\Users\VICKYS~1\AppData\Local\Temp\playwright-java-11516477288923236727\package\lib\utils\manualPromise.js:81:32)
    at Frame.retryWithProgressAndTimeouts (C:\Users\VICKYS~1\AppData\Local\Temp\playwright-java-11516477288923236727\package\lib\server\frames.js:931:40)
    at async C:\Users\VICKYS~1\AppData\Local\Temp\playwright-java-11516477288923236727\package\lib\server\frames.js:1023:29
    at async ProgressController.run (C:\Users\VICKYS~1\AppData\Local\Temp\playwright-java-11516477288923236727\package\lib\server\progress.js:79:22)
    at async FrameDispatcher.click (C:\Users\VICKYS~1\AppData\Local\Temp\playwright-java-11516477288923236727\package\lib\server\dispatchers\frameDispatcher.js:158:12)
    at async LongStandingScope._race (C:\Users\VICKYS~1\AppData\Local\Temp\playwright-java-11516477288923236727\package\lib\utils\manualPromise.js:96:14)
    at async FrameDispatcher._handleCommand (C:\Users\VICKYS~1\AppData\Local\Temp\playwright-java-11516477288923236727\package\lib\server\dispatchers\dispatcher.js:96:14)
    at async DispatcherConnection.dispatch (C:\Users\VICKYS~1\AppData\Local\Temp\playwright-java-11516477288923236727\package\lib\server\dispatchers\dispatcher.js:361:22)
}
Call log:
-   - waiting for locator(&quot;//a[@class=&apos;text-sm font-medium text-emerald-500 dark:text-emerald-400 hover:underline&apos;]&quot;)

	at com.microsoft.playwright.impl.WaitableResult.get(WaitableResult.java:54)
	at com.microsoft.playwright.impl.ChannelOwner.runUntil(ChannelOwner.java:132)
	at com.microsoft.playwright.impl.Connection.sendMessage(Connection.java:130)
	at com.microsoft.playwright.impl.ChannelOwner.sendMessage(ChannelOwner.java:118)
	at com.microsoft.playwright.impl.FrameImpl.clickImpl(FrameImpl.java:252)
	at com.microsoft.playwright.impl.FrameImpl.lambda$click$8(FrameImpl.java:243)
	at com.microsoft.playwright.impl.LoggingSupport.lambda$withLogging$0(LoggingSupport.java:36)
	at com.microsoft.playwright.impl.LoggingSupport.withLogging(LoggingSupport.java:47)
	at com.microsoft.playwright.impl.ChannelOwner.withLogging(ChannelOwner.java:97)
	at com.microsoft.playwright.impl.LoggingSupport.withLogging(LoggingSupport.java:35)
	at com.microsoft.playwright.impl.FrameImpl.click(FrameImpl.java:243)
	at com.microsoft.playwright.impl.LocatorImpl.click(LocatorImpl.java:175)
	at com.microsoft.playwright.Locator.click(Locator.java:2493)
	at pageobjects.LoginPage.clickForgotPassword(LoginPage.java:74)
	at testcases.LoginTest.testPasswordResetWithRegisteredEmail(LoginTest.java:165)
	at java.base/jdk.internal.reflect.DirectMethodHandleAccessor.invoke(DirectMethodHandleAccessor.java:103)
	at java.base/java.lang.reflect.Method.invoke(Method.java:580)
	at org.testng.internal.MethodInvocationHelper.invokeMethod(MethodInvocationHelper.java:133)
	at org.testng.internal.TestInvoker.invokeMethod(TestInvoker.java:598)
	at org.testng.internal.TestInvoker.invokeTestMethod(TestInvoker.java:173)
	at org.testng.internal.MethodRunner.runInSequence(MethodRunner.java:46)
	at org.testng.internal.TestInvoker$MethodInvocationAgent.invoke(TestInvoker.java:824)
	at org.testng.internal.TestInvoker.invokeTestMethods(TestInvoker.java:146)
	at org.testng.internal.TestMethodWorker.invokeTestMethods(TestMethodWorker.java:146)
	at org.testng.internal.TestMethodWorker.run(TestMethodWorker.java:128)
	at java.base/java.util.ArrayList.forEach(ArrayList.java:1597)
	at org.testng.TestRunner.privateRun(TestRunner.java:794)
	at org.testng.TestRunner.run(TestRunner.java:596)
	at org.testng.SuiteRunner.runTest(SuiteRunner.java:377)
	at org.testng.SuiteRunner.runSequentially(SuiteRunner.java:371)
	at org.testng.SuiteRunner.privateRun(SuiteRunner.java:332)
	at org.testng.SuiteRunner.run(SuiteRunner.java:276)
	at org.testng.SuiteRunnerWorker.runSuite(SuiteRunnerWorker.java:53)
	at org.testng.SuiteRunnerWorker.run(SuiteRunnerWorker.java:96)
	at org.testng.TestNG.runSuitesSequentially(TestNG.java:1212)
	at org.testng.TestNG.runSuitesLocally(TestNG.java:1134)
	at org.testng.TestNG.runSuites(TestNG.java:1063)
	at org.testng.TestNG.run(TestNG.java:1031)
	at org.testng.remote.AbstractRemoteTestNG.run(AbstractRemoteTestNG.java:115)
	at org.testng.remote.RemoteTestNG.initAndRun(RemoteTestNG.java:293)
	at org.testng.remote.RemoteTestNG.main(RemoteTestNG.java:91)
Caused by: com.microsoft.playwright.impl.TargetClosedError: Error {
  message=&apos;Target page, context or browser has been closed
  name=&apos;TargetClosedError
  stack=&apos;TargetClosedError:Target page, context or browser has been closed
Error
    at captureRawStack (C:\Users\VICKYS~1\AppData\Local\Temp\playwright-java-11516477288923236727\package\lib\utils\stackTrace.js:50:17)
    at LongStandingScope._race (C:\Users\VICKYS~1\AppData\Local\Temp\playwright-java-11516477288923236727\package\lib\utils\manualPromise.js:91:52)
    at LongStandingScope.race (C:\Users\VICKYS~1\AppData\Local\Temp\playwright-java-11516477288923236727\package\lib\utils\manualPromise.js:84:17)
    at C:\Users\VICKYS~1\AppData\Local\Temp\playwright-java-11516477288923236727\package\lib\utils\manualPromise.js:81:43
    at Array.map (&lt;anonymous&gt;)
    at LongStandingScope.raceMultiple (C:\Users\VICKYS~1\AppData\Local\Temp\playwright-java-11516477288923236727\package\lib\utils\manualPromise.js:81:32)
    at Frame.retryWithProgressAndTimeouts (C:\Users\VICKYS~1\AppData\Local\Temp\playwright-java-11516477288923236727\package\lib\server\frames.js:931:40)
    at async C:\Users\VICKYS~1\AppData\Local\Temp\playwright-java-11516477288923236727\package\lib\server\frames.js:1023:29
    at async ProgressController.run (C:\Users\VICKYS~1\AppData\Local\Temp\playwright-java-11516477288923236727\package\lib\server\progress.js:79:22)
    at async FrameDispatcher.click (C:\Users\VICKYS~1\AppData\Local\Temp\playwright-java-11516477288923236727\package\lib\server\dispatchers\frameDispatcher.js:158:12)
    at async LongStandingScope._race (C:\Users\VICKYS~1\AppData\Local\Temp\playwright-java-11516477288923236727\package\lib\utils\manualPromise.js:96:14)
    at async FrameDispatcher._handleCommand (C:\Users\VICKYS~1\AppData\Local\Temp\playwright-java-11516477288923236727\package\lib\server\dispatchers\dispatcher.js:96:14)
    at async DispatcherConnection.dispatch (C:\Users\VICKYS~1\AppData\Local\Temp\playwright-java-11516477288923236727\package\lib\server\dispatchers\dispatcher.js:361:22)
}
Call log:
-   - waiting for locator(&quot;//a[@class=&apos;text-sm font-medium text-emerald-500 dark:text-emerald-400 hover:underline&apos;]&quot;)

	at com.microsoft.playwright.impl.Connection.dispatch(Connection.java:256)
	at com.microsoft.playwright.impl.Connection.processOneMessage(Connection.java:211)
	at com.microsoft.playwright.impl.ChannelOwner.runUntil(ChannelOwner.java:130)
	... 39 more
</pre></div></td>
<td>18</td>
<td>testcases.LoginTest@4466af20</td></tr>
<tr>
<td title='testcases.LoginTest.testValidGoogleRegistration()'><b>testValidGoogleRegistration</b><br>Test class: testcases.LoginTest</td>
<td><div><pre>java.lang.AssertionError: User should be able to register and log in successfully with Google. expected [true] but found [false]
	at testcases.LoginTest.testValidGoogleRegistration(LoginTest.java:214)
	at java.base/java.util.ArrayList.forEach(ArrayList.java:1597)
... Removed 28 stack frames</pre></div><a href='#' onClick='toggleBox("stack-trace406749219", this, "Click to show all stack frames", "Click to hide stack frames")'>Click to show all stack frames</a>
<div class='stack-trace' id='stack-trace406749219'><pre>java.lang.AssertionError: User should be able to register and log in successfully with Google. expected [true] but found [false]
	at org.testng.Assert.fail(Assert.java:99)
	at org.testng.Assert.failNotEquals(Assert.java:1037)
	at org.testng.Assert.assertTrue(Assert.java:45)
	at testcases.LoginTest.testValidGoogleRegistration(LoginTest.java:214)
	at java.base/jdk.internal.reflect.DirectMethodHandleAccessor.invoke(DirectMethodHandleAccessor.java:103)
	at java.base/java.lang.reflect.Method.invoke(Method.java:580)
	at org.testng.internal.MethodInvocationHelper.invokeMethod(MethodInvocationHelper.java:133)
	at org.testng.internal.TestInvoker.invokeMethod(TestInvoker.java:598)
	at org.testng.internal.TestInvoker.invokeTestMethod(TestInvoker.java:173)
	at org.testng.internal.MethodRunner.runInSequence(MethodRunner.java:46)
	at org.testng.internal.TestInvoker$MethodInvocationAgent.invoke(TestInvoker.java:824)
	at org.testng.internal.TestInvoker.invokeTestMethods(TestInvoker.java:146)
	at org.testng.internal.TestMethodWorker.invokeTestMethods(TestMethodWorker.java:146)
	at org.testng.internal.TestMethodWorker.run(TestMethodWorker.java:128)
	at java.base/java.util.ArrayList.forEach(ArrayList.java:1597)
	at org.testng.TestRunner.privateRun(TestRunner.java:794)
	at org.testng.TestRunner.run(TestRunner.java:596)
	at org.testng.SuiteRunner.runTest(SuiteRunner.java:377)
	at org.testng.SuiteRunner.runSequentially(SuiteRunner.java:371)
	at org.testng.SuiteRunner.privateRun(SuiteRunner.java:332)
	at org.testng.SuiteRunner.run(SuiteRunner.java:276)
	at org.testng.SuiteRunnerWorker.runSuite(SuiteRunnerWorker.java:53)
	at org.testng.SuiteRunnerWorker.run(SuiteRunnerWorker.java:96)
	at org.testng.TestNG.runSuitesSequentially(TestNG.java:1212)
	at org.testng.TestNG.runSuitesLocally(TestNG.java:1134)
	at org.testng.TestNG.runSuites(TestNG.java:1063)
	at org.testng.TestNG.run(TestNG.java:1031)
	at org.testng.remote.AbstractRemoteTestNG.run(AbstractRemoteTestNG.java:115)
	at org.testng.remote.RemoteTestNG.initAndRun(RemoteTestNG.java:293)
	at org.testng.remote.RemoteTestNG.main(RemoteTestNG.java:91)
</pre></div></td>
<td>0</td>
<td>testcases.LoginTest@4466af20</td></tr>
<tr>
<td title='testcases.LoginTest.testForgotPasswordLink()'><b>testForgotPasswordLink</b><br>Test class: testcases.LoginTest</td>
<td><div><pre>com.microsoft.playwright.impl.TargetClosedError: Error {
  message=&apos;Target page, context or browser has been closed
  name=&apos;TargetClosedError
  stack=&apos;TargetClosedError:Target page, context or browser has been closed
Error
    at captureRawStack (C:\Users\VICKYS~1\AppData\Local\Temp\playwright-java-11516477288923236727\package\lib\utils\stackTrace.js:50:17)
    at LongStandingScope._race (C:\Users\VICKYS~1\AppData\Local\Temp\playwright-java-11516477288923236727\package\lib\utils\manualPromise.js:91:52)
    at LongStandingScope.race (C:\Users\VICKYS~1\AppData\Local\Temp\playwright-java-11516477288923236727\package\lib\utils\manualPromise.js:84:17)
    at C:\Users\VICKYS~1\AppData\Local\Temp\playwright-java-11516477288923236727\package\lib\utils\manualPromise.js:81:43
    at Array.map (&lt;anonymous&gt;)
    at LongStandingScope.raceMultiple (C:\Users\VICKYS~1\AppData\Local\Temp\playwright-java-11516477288923236727\package\lib\utils\manualPromise.js:81:32)
    at Frame.retryWithProgressAndTimeouts (C:\Users\VICKYS~1\AppData\Local\Temp\playwright-java-11516477288923236727\package\lib\server\frames.js:931:40)
    at async C:\Users\VICKYS~1\AppData\Local\Temp\playwright-java-11516477288923236727\package\lib\server\frames.js:1023:29
    at async ProgressController.run (C:\Users\VICKYS~1\AppData\Local\Temp\playwright-java-11516477288923236727\package\lib\server\progress.js:79:22)
    at async FrameDispatcher.click (C:\Users\VICKYS~1\AppData\Local\Temp\playwright-java-11516477288923236727\package\lib\server\dispatchers\frameDispatcher.js:158:12)
    at async LongStandingScope._race (C:\Users\VICKYS~1\AppData\Local\Temp\playwright-java-11516477288923236727\package\lib\utils\manualPromise.js:96:14)
    at async FrameDispatcher._handleCommand (C:\Users\VICKYS~1\AppData\Local\Temp\playwright-java-11516477288923236727\package\lib\server\dispatchers\dispatcher.js:96:14)
    at async DispatcherConnection.dispatch (C:\Users\VICKYS~1\AppData\Local\Temp\playwright-java-11516477288923236727\package\lib\server\dispatchers\dispatcher.js:361:22)
}
Call log:
-   - waiting for locator(&quot;//a[@class=&apos;text-sm font-medium text-emerald-500 dark:text-emerald-400 hover:underline&apos;]&quot;)

	at com.microsoft.playwright.impl.WaitableResult.get(WaitableResult.java:54)
	at com.microsoft.playwright.impl.ChannelOwner.runUntil(ChannelOwner.java:132)
	at com.microsoft.playwright.impl.Connection.sendMessage(Connection.java:130)
	at com.microsoft.playwright.impl.ChannelOwner.sendMessage(ChannelOwner.java:118)
	at com.microsoft.playwright.impl.FrameImpl.clickImpl(FrameImpl.java:252)
	at com.microsoft.playwright.impl.FrameImpl.lambda$click$8(FrameImpl.java:243)
	at com.microsoft.playwright.impl.LoggingSupport.lambda$withLogging$0(LoggingSupport.java:36)
	at com.microsoft.playwright.impl.LoggingSupport.withLogging(LoggingSupport.java:47)
	at com.microsoft.playwright.impl.ChannelOwner.withLogging(ChannelOwner.java:97)
	at com.microsoft.playwright.impl.LoggingSupport.withLogging(LoggingSupport.java:35)
	at com.microsoft.playwright.impl.FrameImpl.click(FrameImpl.java:243)
	at com.microsoft.playwright.impl.LocatorImpl.click(LocatorImpl.java:175)
	at com.microsoft.playwright.Locator.click(Locator.java:2493)
	at pageobjects.LoginPage.clickForgotPassword(LoginPage.java:74)
	at testcases.LoginTest.testForgotPasswordLink(LoginTest.java:157)
	at java.base/java.util.ArrayList.forEach(ArrayList.java:1597)
Caused by: com.microsoft.playwright.impl.TargetClosedError: Error {
  message=&apos;Target page, context or browser has been closed
  name=&apos;TargetClosedError
  stack=&apos;TargetClosedError:Target page, context or browser has been closed
Error
    at captureRawStack (C:\Users\VICKYS~1\AppData\Local\Temp\playwright-java-11516477288923236727\package\lib\utils\stackTrace.js:50:17)
    at LongStandingScope._race (C:\Users\VICKYS~1\AppData\Local\Temp\playwright-java-11516477288923236727\package\lib\utils\manualPromise.js:91:52)
    at LongStandingScope.race (C:\Users\VICKYS~1\AppData\Local\Temp\playwright-java-11516477288923236727\package\lib\utils\manualPromise.js:84:17)
    at C:\Users\VICKYS~1\AppData\Local\Temp\playwright-java-11516477288923236727\package\lib\utils\manualPromise.js:81:43
    at Array.map (&lt;anonymous&gt;)
    at LongStandingScope.raceMultiple (C:\Users\VICKYS~1\AppData\Local\Temp\playwright-java-11516477288923236727\package\lib\utils\manualPromise.js:81:32)
    at Frame.retryWithProgressAndTimeouts (C:\Users\VICKYS~1\AppData\Local\Temp\playwright-java-11516477288923236727\package\lib\server\frames.js:931:40)
    at async C:\Users\VICKYS~1\AppData\Local\Temp\playwright-java-11516477288923236727\package\lib\server\frames.js:1023:29
    at async ProgressController.run (C:\Users\VICKYS~1\AppData\Local\Temp\playwright-java-11516477288923236727\package\lib\server\progress.js:79:22)
    at async FrameDispatcher.click (C:\Users\VICKYS~1\AppData\Local\Temp\playwright-java-11516477288923236727\package\lib\server\dispatchers\frameDispatcher.js:158:12)
    at async LongStandingScope._race (C:\Users\VICKYS~1\AppData\Local\Temp\playwright-java-11516477288923236727\package\lib\utils\manualPromise.js:96:14)
    at async FrameDispatcher._handleCommand (C:\Users\VICKYS~1\AppData\Local\Temp\playwright-java-11516477288923236727\package\lib\server\dispatchers\dispatcher.js:96:14)
    at async DispatcherConnection.dispatch (C:\Users\VICKYS~1\AppData\Local\Temp\playwright-java-11516477288923236727\package\lib\server\dispatchers\dispatcher.js:361:22)
}
Call log:
-   - waiting for locator(&quot;//a[@class=&apos;text-sm font-medium text-emerald-500 dark:text-emerald-400 hover:underline&apos;]&quot;)

	at com.microsoft.playwright.impl.Connection.dispatch(Connection.java:256)
	at com.microsoft.playwright.impl.Connection.processOneMessage(Connection.java:211)
	at com.microsoft.playwright.impl.ChannelOwner.runUntil(ChannelOwner.java:130)
	... 39 more
... Removed 25 stack frames</pre></div><a href='#' onClick='toggleBox("stack-trace588449070", this, "Click to show all stack frames", "Click to hide stack frames")'>Click to show all stack frames</a>
<div class='stack-trace' id='stack-trace588449070'><pre>com.microsoft.playwright.impl.TargetClosedError: Error {
  message=&apos;Target page, context or browser has been closed
  name=&apos;TargetClosedError
  stack=&apos;TargetClosedError:Target page, context or browser has been closed
Error
    at captureRawStack (C:\Users\VICKYS~1\AppData\Local\Temp\playwright-java-11516477288923236727\package\lib\utils\stackTrace.js:50:17)
    at LongStandingScope._race (C:\Users\VICKYS~1\AppData\Local\Temp\playwright-java-11516477288923236727\package\lib\utils\manualPromise.js:91:52)
    at LongStandingScope.race (C:\Users\VICKYS~1\AppData\Local\Temp\playwright-java-11516477288923236727\package\lib\utils\manualPromise.js:84:17)
    at C:\Users\VICKYS~1\AppData\Local\Temp\playwright-java-11516477288923236727\package\lib\utils\manualPromise.js:81:43
    at Array.map (&lt;anonymous&gt;)
    at LongStandingScope.raceMultiple (C:\Users\VICKYS~1\AppData\Local\Temp\playwright-java-11516477288923236727\package\lib\utils\manualPromise.js:81:32)
    at Frame.retryWithProgressAndTimeouts (C:\Users\VICKYS~1\AppData\Local\Temp\playwright-java-11516477288923236727\package\lib\server\frames.js:931:40)
    at async C:\Users\VICKYS~1\AppData\Local\Temp\playwright-java-11516477288923236727\package\lib\server\frames.js:1023:29
    at async ProgressController.run (C:\Users\VICKYS~1\AppData\Local\Temp\playwright-java-11516477288923236727\package\lib\server\progress.js:79:22)
    at async FrameDispatcher.click (C:\Users\VICKYS~1\AppData\Local\Temp\playwright-java-11516477288923236727\package\lib\server\dispatchers\frameDispatcher.js:158:12)
    at async LongStandingScope._race (C:\Users\VICKYS~1\AppData\Local\Temp\playwright-java-11516477288923236727\package\lib\utils\manualPromise.js:96:14)
    at async FrameDispatcher._handleCommand (C:\Users\VICKYS~1\AppData\Local\Temp\playwright-java-11516477288923236727\package\lib\server\dispatchers\dispatcher.js:96:14)
    at async DispatcherConnection.dispatch (C:\Users\VICKYS~1\AppData\Local\Temp\playwright-java-11516477288923236727\package\lib\server\dispatchers\dispatcher.js:361:22)
}
Call log:
-   - waiting for locator(&quot;//a[@class=&apos;text-sm font-medium text-emerald-500 dark:text-emerald-400 hover:underline&apos;]&quot;)

	at com.microsoft.playwright.impl.WaitableResult.get(WaitableResult.java:54)
	at com.microsoft.playwright.impl.ChannelOwner.runUntil(ChannelOwner.java:132)
	at com.microsoft.playwright.impl.Connection.sendMessage(Connection.java:130)
	at com.microsoft.playwright.impl.ChannelOwner.sendMessage(ChannelOwner.java:118)
	at com.microsoft.playwright.impl.FrameImpl.clickImpl(FrameImpl.java:252)
	at com.microsoft.playwright.impl.FrameImpl.lambda$click$8(FrameImpl.java:243)
	at com.microsoft.playwright.impl.LoggingSupport.lambda$withLogging$0(LoggingSupport.java:36)
	at com.microsoft.playwright.impl.LoggingSupport.withLogging(LoggingSupport.java:47)
	at com.microsoft.playwright.impl.ChannelOwner.withLogging(ChannelOwner.java:97)
	at com.microsoft.playwright.impl.LoggingSupport.withLogging(LoggingSupport.java:35)
	at com.microsoft.playwright.impl.FrameImpl.click(FrameImpl.java:243)
	at com.microsoft.playwright.impl.LocatorImpl.click(LocatorImpl.java:175)
	at com.microsoft.playwright.Locator.click(Locator.java:2493)
	at pageobjects.LoginPage.clickForgotPassword(LoginPage.java:74)
	at testcases.LoginTest.testForgotPasswordLink(LoginTest.java:157)
	at java.base/jdk.internal.reflect.DirectMethodHandleAccessor.invoke(DirectMethodHandleAccessor.java:103)
	at java.base/java.lang.reflect.Method.invoke(Method.java:580)
	at org.testng.internal.MethodInvocationHelper.invokeMethod(MethodInvocationHelper.java:133)
	at org.testng.internal.TestInvoker.invokeMethod(TestInvoker.java:598)
	at org.testng.internal.TestInvoker.invokeTestMethod(TestInvoker.java:173)
	at org.testng.internal.MethodRunner.runInSequence(MethodRunner.java:46)
	at org.testng.internal.TestInvoker$MethodInvocationAgent.invoke(TestInvoker.java:824)
	at org.testng.internal.TestInvoker.invokeTestMethods(TestInvoker.java:146)
	at org.testng.internal.TestMethodWorker.invokeTestMethods(TestMethodWorker.java:146)
	at org.testng.internal.TestMethodWorker.run(TestMethodWorker.java:128)
	at java.base/java.util.ArrayList.forEach(ArrayList.java:1597)
	at org.testng.TestRunner.privateRun(TestRunner.java:794)
	at org.testng.TestRunner.run(TestRunner.java:596)
	at org.testng.SuiteRunner.runTest(SuiteRunner.java:377)
	at org.testng.SuiteRunner.runSequentially(SuiteRunner.java:371)
	at org.testng.SuiteRunner.privateRun(SuiteRunner.java:332)
	at org.testng.SuiteRunner.run(SuiteRunner.java:276)
	at org.testng.SuiteRunnerWorker.runSuite(SuiteRunnerWorker.java:53)
	at org.testng.SuiteRunnerWorker.run(SuiteRunnerWorker.java:96)
	at org.testng.TestNG.runSuitesSequentially(TestNG.java:1212)
	at org.testng.TestNG.runSuitesLocally(TestNG.java:1134)
	at org.testng.TestNG.runSuites(TestNG.java:1063)
	at org.testng.TestNG.run(TestNG.java:1031)
	at org.testng.remote.AbstractRemoteTestNG.run(AbstractRemoteTestNG.java:115)
	at org.testng.remote.RemoteTestNG.initAndRun(RemoteTestNG.java:293)
	at org.testng.remote.RemoteTestNG.main(RemoteTestNG.java:91)
Caused by: com.microsoft.playwright.impl.TargetClosedError: Error {
  message=&apos;Target page, context or browser has been closed
  name=&apos;TargetClosedError
  stack=&apos;TargetClosedError:Target page, context or browser has been closed
Error
    at captureRawStack (C:\Users\VICKYS~1\AppData\Local\Temp\playwright-java-11516477288923236727\package\lib\utils\stackTrace.js:50:17)
    at LongStandingScope._race (C:\Users\VICKYS~1\AppData\Local\Temp\playwright-java-11516477288923236727\package\lib\utils\manualPromise.js:91:52)
    at LongStandingScope.race (C:\Users\VICKYS~1\AppData\Local\Temp\playwright-java-11516477288923236727\package\lib\utils\manualPromise.js:84:17)
    at C:\Users\VICKYS~1\AppData\Local\Temp\playwright-java-11516477288923236727\package\lib\utils\manualPromise.js:81:43
    at Array.map (&lt;anonymous&gt;)
    at LongStandingScope.raceMultiple (C:\Users\VICKYS~1\AppData\Local\Temp\playwright-java-11516477288923236727\package\lib\utils\manualPromise.js:81:32)
    at Frame.retryWithProgressAndTimeouts (C:\Users\VICKYS~1\AppData\Local\Temp\playwright-java-11516477288923236727\package\lib\server\frames.js:931:40)
    at async C:\Users\VICKYS~1\AppData\Local\Temp\playwright-java-11516477288923236727\package\lib\server\frames.js:1023:29
    at async ProgressController.run (C:\Users\VICKYS~1\AppData\Local\Temp\playwright-java-11516477288923236727\package\lib\server\progress.js:79:22)
    at async FrameDispatcher.click (C:\Users\VICKYS~1\AppData\Local\Temp\playwright-java-11516477288923236727\package\lib\server\dispatchers\frameDispatcher.js:158:12)
    at async LongStandingScope._race (C:\Users\VICKYS~1\AppData\Local\Temp\playwright-java-11516477288923236727\package\lib\utils\manualPromise.js:96:14)
    at async FrameDispatcher._handleCommand (C:\Users\VICKYS~1\AppData\Local\Temp\playwright-java-11516477288923236727\package\lib\server\dispatchers\dispatcher.js:96:14)
    at async DispatcherConnection.dispatch (C:\Users\VICKYS~1\AppData\Local\Temp\playwright-java-11516477288923236727\package\lib\server\dispatchers\dispatcher.js:361:22)
}
Call log:
-   - waiting for locator(&quot;//a[@class=&apos;text-sm font-medium text-emerald-500 dark:text-emerald-400 hover:underline&apos;]&quot;)

	at com.microsoft.playwright.impl.Connection.dispatch(Connection.java:256)
	at com.microsoft.playwright.impl.Connection.processOneMessage(Connection.java:211)
	at com.microsoft.playwright.impl.ChannelOwner.runUntil(ChannelOwner.java:130)
	... 39 more
</pre></div></td>
<td>28</td>
<td>testcases.LoginTest@4466af20</td></tr>
<tr>
<td title='testcases.LoginTest.testSignUpLink()'><b>testSignUpLink</b><br>Test class: testcases.LoginTest</td>
<td><div><pre>java.lang.AssertionError: User should be redirected to the Sign-Up page. expected [true] but found [false]
	at testcases.LoginTest.testSignUpLink(LoginTest.java:207)
	at java.base/java.util.ArrayList.forEach(ArrayList.java:1597)
... Removed 28 stack frames</pre></div><a href='#' onClick='toggleBox("stack-trace50072771", this, "Click to show all stack frames", "Click to hide stack frames")'>Click to show all stack frames</a>
<div class='stack-trace' id='stack-trace50072771'><pre>java.lang.AssertionError: User should be redirected to the Sign-Up page. expected [true] but found [false]
	at org.testng.Assert.fail(Assert.java:99)
	at org.testng.Assert.failNotEquals(Assert.java:1037)
	at org.testng.Assert.assertTrue(Assert.java:45)
	at testcases.LoginTest.testSignUpLink(LoginTest.java:207)
	at java.base/jdk.internal.reflect.DirectMethodHandleAccessor.invoke(DirectMethodHandleAccessor.java:103)
	at java.base/java.lang.reflect.Method.invoke(Method.java:580)
	at org.testng.internal.MethodInvocationHelper.invokeMethod(MethodInvocationHelper.java:133)
	at org.testng.internal.TestInvoker.invokeMethod(TestInvoker.java:598)
	at org.testng.internal.TestInvoker.invokeTestMethod(TestInvoker.java:173)
	at org.testng.internal.MethodRunner.runInSequence(MethodRunner.java:46)
	at org.testng.internal.TestInvoker$MethodInvocationAgent.invoke(TestInvoker.java:824)
	at org.testng.internal.TestInvoker.invokeTestMethods(TestInvoker.java:146)
	at org.testng.internal.TestMethodWorker.invokeTestMethods(TestMethodWorker.java:146)
	at org.testng.internal.TestMethodWorker.run(TestMethodWorker.java:128)
	at java.base/java.util.ArrayList.forEach(ArrayList.java:1597)
	at org.testng.TestRunner.privateRun(TestRunner.java:794)
	at org.testng.TestRunner.run(TestRunner.java:596)
	at org.testng.SuiteRunner.runTest(SuiteRunner.java:377)
	at org.testng.SuiteRunner.runSequentially(SuiteRunner.java:371)
	at org.testng.SuiteRunner.privateRun(SuiteRunner.java:332)
	at org.testng.SuiteRunner.run(SuiteRunner.java:276)
	at org.testng.SuiteRunnerWorker.runSuite(SuiteRunnerWorker.java:53)
	at org.testng.SuiteRunnerWorker.run(SuiteRunnerWorker.java:96)
	at org.testng.TestNG.runSuitesSequentially(TestNG.java:1212)
	at org.testng.TestNG.runSuitesLocally(TestNG.java:1134)
	at org.testng.TestNG.runSuites(TestNG.java:1063)
	at org.testng.TestNG.run(TestNG.java:1031)
	at org.testng.remote.AbstractRemoteTestNG.run(AbstractRemoteTestNG.java:115)
	at org.testng.remote.RemoteTestNG.initAndRun(RemoteTestNG.java:293)
	at org.testng.remote.RemoteTestNG.main(RemoteTestNG.java:91)
</pre></div></td>
<td>0</td>
<td>testcases.LoginTest@4466af20</td></tr>
</table><p>
<table width='100%' border='1' class='invocation-passed'>
<tr><td colspan='4' align='center'><b>PASSED TESTS</b></td></tr>
<tr><td><b>Test method</b></td>
<td width="30%"><b>Exception</b></td>
<td width="10%"><b>Time (seconds)</b></td>
<td><b>Instance</b></td>
</tr>
<tr>
<td title='testcases.LoginTest.testEmptyFieldsLogin()'><b>testEmptyFieldsLogin</b><br>Test class: testcases.LoginTest</td>
<td></td>
<td>0</td>
<td>testcases.LoginTest@4466af20</td></tr>
<tr>
<td title='testcases.LoginTest.testInvalidLogin()'><b>testInvalidLogin</b><br>Test class: testcases.LoginTest</td>
<td></td>
<td>0</td>
<td>testcases.LoginTest@4466af20</td></tr>
<tr>
<td title='testcases.LoginTest.testLongUsernamePassword()'><b>testLongUsernamePassword</b><br>Test class: testcases.LoginTest</td>
<td></td>
<td>0</td>
<td>testcases.LoginTest@4466af20</td></tr>
<tr>
<td title='testcases.LoginTest.testPasswordMasking()'><b>testPasswordMasking</b><br>Test class: testcases.LoginTest</td>
<td></td>
<td>0</td>
<td>testcases.LoginTest@4466af20</td></tr>
<tr>
<td title='testcases.LoginTest.testErrorMessageConsistency()'><b>testErrorMessageConsistency</b><br>Test class: testcases.LoginTest</td>
<td></td>
<td>0</td>
<td>testcases.LoginTest@4466af20</td></tr>
<tr>
<td title='testcases.LoginTest.testExpiredPasswordLogin()'><b>testExpiredPasswordLogin</b><br>Test class: testcases.LoginTest</td>
<td></td>
<td>0</td>
<td>testcases.LoginTest@4466af20</td></tr>
<tr>
<td title='testcases.LoginTest.testBlankPasswordWithValidUsername()'><b>testBlankPasswordWithValidUsername</b><br>Test class: testcases.LoginTest</td>
<td></td>
<td>0</td>
<td>testcases.LoginTest@4466af20</td></tr>
<tr>
<td title='testcases.LoginTest.testBlankUsernameWithValidPassword()'><b>testBlankUsernameWithValidPassword</b><br>Test class: testcases.LoginTest</td>
<td></td>
<td>0</td>
<td>testcases.LoginTest@4466af20</td></tr>
</table><p>
</body>
</html>